This is pdfTeX, Version 3.14159265-2.6-1.40.20 (TeX Live 2019/Debian) (preloaded format=pdflatex 2020.9.2)  7 DEC 2021 07:59
entering extended mode
 restricted \write18 enabled.
 %&-line parsing enabled.
**refman
(./refman.tex
LaTeX2e <2020-02-02> patch level 2
L3 programming layer <2020-02-14>
(/usr/share/texlive/texmf-dist/tex/latex/base/article.cls
Document Class: article 2019/12/20 v1.4l Standard LaTeX document class
(/usr/share/texlive/texmf-dist/tex/latex/base/size10.clo
File: size10.clo 2019/12/20 v1.4l Standard LaTeX file (size option)
)
\c@part=\count167
\c@section=\count168
\c@subsection=\count169
\c@subsubsection=\count170
\c@paragraph=\count171
\c@subparagraph=\count172
\c@figure=\count173
\c@table=\count174
\abovecaptionskip=\skip47
\belowcaptionskip=\skip48
\bibindent=\dimen134
)
(/usr/share/texlive/texmf-dist/tex/latex/base/ifthen.sty
Package: ifthen 2014/09/29 v1.1c Standard LaTeX ifthen package (DPC)
)
(/usr/share/texlive/texmf-dist/tex/latex/tools/array.sty
Rollback for package 'array' requested -> date 2016-10-06.
         Best approximation is the release introduced on 2016-10-06.

(/usr/share/texlive/texmf-dist/tex/latex/tools/array-2016-10-06.sty
Package: array 2016/10/06 v2.4d Tabular extension package (FMi)
\col@sep=\dimen135
\extrarowheight=\dimen136
\NC@list=\toks14
\extratabsurround=\skip49
\backup@length=\skip50
))
(/usr/share/texlive/texmf-dist/tex/latex/base/fixltx2e.sty
Package: fixltx2e 2016/12/29 v2.1a fixes to LaTeX (obsolete)
Applying: [2015/01/01] Old fixltx2e package on input line 46.


Package fixltx2e Warning: fixltx2e is not required with releases after 2015
(fixltx2e)                All fixes are now in the LaTeX kernel.
(fixltx2e)                See the latexrelease package for details.

Already applied: [0000/00/00] Old fixltx2e package on input line 53.
) (/usr/share/texlive/texmf-dist/tex/latex/tools/calc.sty
Package: calc 2017/05/25 v4.3 Infix arithmetic (KKT,FJ)
\calc@Acount=\count175
\calc@Bcount=\count176
\calc@Adimen=\dimen137
\calc@Bdimen=\dimen138
\calc@Askip=\skip51
\calc@Bskip=\skip52
LaTeX Info: Redefining \setlength on input line 80.
LaTeX Info: Redefining \addtolength on input line 81.
\calc@Ccount=\count177
\calc@Cskip=\skip53
) (./doxygen.sty
Package: doxygen 

(/usr/share/texlive/texmf-dist/tex/latex/base/alltt.sty
Package: alltt 1997/06/16 v2.0g defines alltt environment
)
(/usr/share/texlive/texmf-dist/tex/latex/float/float.sty
Package: float 2001/11/08 v1.3d Float enhancements (AL)
\c@float@type=\count178
\float@exts=\toks15
\float@box=\box45
\@float@everytoks=\toks16
\@floatcapt=\box46
)
(/usr/share/texlive/texmf-dist/tex/latex/tools/verbatim.sty
Package: verbatim 2019/11/10 v1.5r LaTeX2e package for verbatim enhancements
\every@verbatim=\toks17
\verbatim@line=\toks18
\verbatim@in@stream=\read2
)
(/usr/share/texlive/texmf-dist/tex/latex/xcolor/xcolor.sty
Package: xcolor 2016/05/11 v2.12 LaTeX color extensions (UK)

(/usr/share/texlive/texmf-dist/tex/latex/graphics-cfg/color.cfg
File: color.cfg 2016/01/02 v1.6 sample color configuration
)
Package xcolor Info: Driver file: pdftex.def on input line 225.

(/usr/share/texlive/texmf-dist/tex/latex/graphics-def/pdftex.def
File: pdftex.def 2018/01/08 v1.0l Graphics/color driver for pdftex
)
(/usr/share/texlive/texmf-dist/tex/latex/colortbl/colortbl.sty
Package: colortbl 2020/01/04 v1.0e Color table columns (DPC)
\everycr=\toks19
\minrowclearance=\skip54
)
\rownum=\count179
Package xcolor Info: Model `cmy' substituted by `cmy0' on input line 1348.
Package xcolor Info: Model `hsb' substituted by `rgb' on input line 1352.
Package xcolor Info: Model `RGB' extended on input line 1364.
Package xcolor Info: Model `HTML' substituted by `rgb' on input line 1366.
Package xcolor Info: Model `Hsb' substituted by `hsb' on input line 1367.
Package xcolor Info: Model `tHsb' substituted by `hsb' on input line 1368.
Package xcolor Info: Model `HSB' substituted by `hsb' on input line 1369.
Package xcolor Info: Model `Gray' substituted by `gray' on input line 1370.
Package xcolor Info: Model `wave' substituted by `hsb' on input line 1371.
)
(./longtable_doxygen.sty
Package: longtable_doxygen 2014/10/28 v4.11 Multi-page Table package (DPC) - fr
ozen version for doxygen
\LTleft=\skip55
\LTright=\skip56
\LTpre=\skip57
\LTpost=\skip58
\LTchunksize=\count180
\LTcapwidth=\dimen139
\LT@head=\box47
\LT@firsthead=\box48
\LT@foot=\box49
\LT@lastfoot=\box50
\LT@cols=\count181
\LT@rows=\count182
\c@LT@tables=\count183
\c@LT@chunks=\count184
\LT@p@ftn=\toks20
) (./tabu_doxygen.sty
Package: tabu_doxygen 2011/02/26 v2.8 - flexible LaTeX tabulars (FC), frozen ve
rsion for doxygen

(/usr/share/texlive/texmf-dist/tex/latex/varwidth/varwidth.sty
Package: varwidth 2009/03/30 ver 0.92;  Variable-width minipages
\@vwid@box=\box51
\sift@deathcycles=\count185
\@vwid@loff=\dimen140
\@vwid@roff=\dimen141
)
\c@taburow=\count186
\tabu@nbcols=\count187
\tabu@cnt=\count188
\tabu@Xcol=\count189
\tabu@alloc=\count190
\tabu@nested=\count191
\tabu@target=\dimen142
\tabu@spreadtarget=\dimen143
\tabu@naturalX=\dimen144
\tabucolX=\dimen145
\tabu@Xsum=\dimen146
\extrarowdepth=\dimen147
\abovetabulinesep=\dimen148
\belowtabulinesep=\dimen149
\tabustrutrule=\dimen150
\tabu@thebody=\toks21
\tabu@footnotes=\toks22
\tabu@box=\box52
\tabu@arstrutbox=\box53
\tabu@hleads=\box54
\tabu@vleads=\box55
\tabu@cellskip=\skip59
)
(/usr/share/texlive/texmf-dist/tex/latex/fancyvrb/fancyvrb.sty
Package: fancyvrb 2020/01/13 v3.5 verbatim text (tvz,hv)

(/usr/share/texlive/texmf-dist/tex/latex/graphics/keyval.sty
Package: keyval 2014/10/28 v1.15 key=value parser (DPC)
\KV@toks@=\toks23
)
\FV@CodeLineNo=\count192
\FV@InFile=\read3
\FV@TabBox=\box56
\c@FancyVerbLine=\count193
\FV@StepNumber=\count194
\FV@OutFile=\write3
)
(/usr/share/texlive/texmf-dist/tex/latex/tools/tabularx.sty
Package: tabularx 2020/01/15 v2.11c `tabularx' package (DPC)
\TX@col@width=\dimen151
\TX@old@table=\dimen152
\TX@old@col=\dimen153
\TX@target=\dimen154
\TX@delta=\dimen155
\TX@cols=\count195
\TX@ftn=\toks24
)
(/usr/share/texlive/texmf-dist/tex/latex/multirow/multirow.sty
Package: multirow 2019/05/31 v2.5 Span multiple rows of a table
\multirow@colwidth=\skip60
\multirow@cntb=\count196
\multirow@dima=\skip61
\bigstrutjot=\dimen156
)
(/usr/share/texlive/texmf-dist/tex/latex/hanging/hanging.sty
Package: hanging 2009/09/02 v1.2b hanging paragraphs and punctuation
\h@ngcommawd=\skip62
\h@ngfstopwd=\skip63
\h@ngquotewd=\skip64
\h@ngdquotewd=\skip65
\h@ngquerywd=\skip66
\h@ngexclwd=\skip67
\h@ngcolonwd=\skip68
\h@ngscolonwd=\skip69
)
(/usr/share/texlive/texmf-dist/tex/generic/iftex/ifpdf.sty
Package: ifpdf 2019/10/25 v3.4 ifpdf legacy package. Use iftex instead.

(/usr/share/texlive/texmf-dist/tex/generic/iftex/iftex.sty
Package: iftex 2019/11/07 v1.0c TeX engine tests
))
(/usr/share/texlive/texmf-dist/tex/latex/adjustbox/adjustbox.sty
Package: adjustbox 2019/01/04 v1.2 Adjusting TeX boxes (trim, clip, ...)

(/usr/share/texlive/texmf-dist/tex/latex/xkeyval/xkeyval.sty
Package: xkeyval 2014/12/03 v2.7a package option processing (HA)

(/usr/share/texlive/texmf-dist/tex/generic/xkeyval/xkeyval.tex
(/usr/share/texlive/texmf-dist/tex/generic/xkeyval/xkvutils.tex
\XKV@toks=\toks25
\XKV@tempa@toks=\toks26
)
\XKV@depth=\count197
File: xkeyval.tex 2014/12/03 v2.7a key=value parser (HA)
))
(/usr/share/texlive/texmf-dist/tex/latex/adjustbox/adjcalc.sty
Package: adjcalc 2012/05/16 v1.1 Provides advanced setlength with multiple back
-ends (calc, etex, pgfmath)
)
(/usr/share/texlive/texmf-dist/tex/latex/adjustbox/trimclip.sty
Package: trimclip 2018/04/08 v1.1 Trim and clip general TeX material

(/usr/share/texlive/texmf-dist/tex/latex/graphics/graphicx.sty
Package: graphicx 2019/11/30 v1.2a Enhanced LaTeX Graphics (DPC,SPQR)

(/usr/share/texlive/texmf-dist/tex/latex/graphics/graphics.sty
Package: graphics 2019/11/30 v1.4a Standard LaTeX Graphics (DPC,SPQR)

(/usr/share/texlive/texmf-dist/tex/latex/graphics/trig.sty
Package: trig 2016/01/03 v1.10 sin cos tan (DPC)
)
(/usr/share/texlive/texmf-dist/tex/latex/graphics-cfg/graphics.cfg
File: graphics.cfg 2016/06/04 v1.11 sample graphics configuration
)
Package graphics Info: Driver file: pdftex.def on input line 105.
)
\Gin@req@height=\dimen157
\Gin@req@width=\dimen158
)
(/usr/share/texlive/texmf-dist/tex/latex/collectbox/collectbox.sty
Package: collectbox 2012/05/17 v0.4b Collect macro arguments as boxes
\collectedbox=\box57
)
\tc@llx=\dimen159
\tc@lly=\dimen160
\tc@urx=\dimen161
\tc@ury=\dimen162
Package trimclip Info: Using driver 'tc-pdftex.def'.

(/usr/share/texlive/texmf-dist/tex/latex/adjustbox/tc-pdftex.def
File: tc-pdftex.def 2019/01/04 v2.2 Clipping driver for pdftex
))
\adjbox@Width=\dimen163
\adjbox@Height=\dimen164
\adjbox@Depth=\dimen165
\adjbox@Totalheight=\dimen166
\adjbox@pwidth=\dimen167
\adjbox@pheight=\dimen168
\adjbox@pdepth=\dimen169
\adjbox@ptotalheight=\dimen170

(/usr/share/texlive/texmf-dist/tex/latex/ifoddpage/ifoddpage.sty
Package: ifoddpage 2016/04/23 v1.1 Conditionals for odd/even page detection
\c@checkoddpage=\count198
))
(/usr/share/texlive/texmf-dist/tex/latex/amsfonts/amssymb.sty
Package: amssymb 2013/01/14 v3.01 AMS font symbols

(/usr/share/texlive/texmf-dist/tex/latex/amsfonts/amsfonts.sty
Package: amsfonts 2013/01/14 v3.01 Basic AMSFonts support
\@emptytoks=\toks27
\symAMSa=\mathgroup4
\symAMSb=\mathgroup5
LaTeX Font Info:    Redeclaring math symbol \hbar on input line 98.
LaTeX Font Info:    Overwriting math alphabet `\mathfrak' in version `bold'
(Font)                  U/euf/m/n --> U/euf/b/n on input line 106.
))
(/usr/share/texlive/texmf-dist/tex/latex/stackengine/stackengine.sty
Package: stackengine 2017/02/13 v4.01\ Stacking text and objects in convenient 
ways

(/usr/share/texlive/texmf-dist/tex/latex/etoolbox/etoolbox.sty
Package: etoolbox 2019/09/21 v2.5h e-TeX tools for LaTeX (JAW)
\etb@tempcnta=\count199
)
(/usr/share/texlive/texmf-dist/tex/generic/listofitems/listofitems.sty
(/usr/share/texlive/texmf-dist/tex/generic/listofitems/listofitems.tex
\loi_cnt_foreach_nest=\count266
\loi_nestcnt=\count267
)
Package: listofitems 2019/08/21 v1.63 Grab items in lists using user-specified 
sep char (CT)
)
\c@@stackindex=\count268
\@boxshift=\skip70
\stack@tmplength=\skip71
\temp@stkl=\skip72
\@stackedboxwidth=\skip73
\@addedbox=\box58
\@anchorbox=\box59
\stackedbox=\box60
\@centerbox=\box61
\c@ROWcellindex@=\count269
)
(/usr/share/texlive/texmf-dist/tex/generic/ulem/ulem.sty
\UL@box=\box62
\UL@hyphenbox=\box63
\UL@skip=\skip74
\UL@hook=\toks28
\UL@height=\dimen171
\UL@pe=\count270
\UL@pixel=\dimen172
\ULC@box=\box64
Package: ulem 2019/11/18
\ULdepth=\dimen173
)
\xrefbox=\box65
\xreflength=\skip75
\CodeWidthChar=\skip76
\CodeHeightChar=\skip77
\DoxyCodeWidth=\skip78
)
(/usr/share/texlive/texmf-dist/tex/latex/base/inputenc.sty
Package: inputenc 2018/08/11 v1.3c Input encoding file
\inpenc@prehook=\toks29
\inpenc@posthook=\toks30
)
(/usr/share/texlive/texmf-dist/tex/latex/base/makeidx.sty
Package: makeidx 2014/09/29 v1.0m Standard LaTeX package
)
(/usr/share/texlive/texmf-dist/tex/latex/tools/multicol.sty
Package: multicol 2019/12/09 v1.8y multicolumn formatting (FMi)
\c@tracingmulticols=\count271
\mult@box=\box66
\multicol@leftmargin=\dimen174
\c@unbalance=\count272
\c@collectmore=\count273
\doublecol@number=\count274
\multicoltolerance=\count275
\multicolpretolerance=\count276
\full@width=\dimen175
\page@free=\dimen176
\premulticols=\dimen177
\postmulticols=\dimen178
\multicolsep=\skip79
\multicolbaselineskip=\skip80
\partial@page=\box67
\last@line=\box68
\maxbalancingoverflow=\dimen179
\mult@rightbox=\box69
\mult@grightbox=\box70
\mult@gfirstbox=\box71
\mult@firstbox=\box72
\@tempa=\box73
\@tempa=\box74
\@tempa=\box75
\@tempa=\box76
\@tempa=\box77
\@tempa=\box78
\@tempa=\box79
\@tempa=\box80
\@tempa=\box81
\@tempa=\box82
\@tempa=\box83
\@tempa=\box84
\@tempa=\box85
\@tempa=\box86
\@tempa=\box87
\@tempa=\box88
\@tempa=\box89
\@tempa=\box90
\@tempa=\box91
\@tempa=\box92
\@tempa=\box93
\@tempa=\box94
\@tempa=\box95
\@tempa=\box96
\@tempa=\box97
\@tempa=\box98
\@tempa=\box99
\@tempa=\box100
\@tempa=\box101
\@tempa=\box102
\@tempa=\box103
\@tempa=\box104
\@tempa=\box105
\@tempa=\box106
\@tempa=\box107
\@tempa=\box108
\@tempa=\box109
\c@minrows=\count277
\c@columnbadness=\count278
\c@finalcolumnbadness=\count279
\last@try=\dimen180
\multicolovershoot=\dimen181
\multicolundershoot=\dimen182
\mult@nat@firstbox=\box110
\colbreak@box=\box111
\mc@col@check@num=\count280
)
(/usr/share/texlive/texmf-dist/tex/latex/base/textcomp.sty
Package: textcomp 2020/02/02 v2.0n Standard LaTeX package
)
(/usr/share/texlive/texmf-dist/tex/latex/wasysym/wasysym.sty
Package: wasysym 2020/01/19 v2.4 Wasy-2 symbol support package
\symwasy=\mathgroup6
LaTeX Font Info:    Overwriting symbol font `wasy' in version `bold'
(Font)                  U/wasy/m/n --> U/wasy/b/n on input line 93.
)
(/usr/share/texlive/texmf-dist/tex/generic/iftex/ifxetex.sty
Package: ifxetex 2019/10/25 v0.7 ifxetex legacy package. Use iftex instead.
)
(/usr/share/texlive/texmf-dist/tex/latex/base/fontenc.sty
Package: fontenc 2020/02/11 v2.0o Standard LaTeX package
)
(/usr/share/texlive/texmf-dist/tex/latex/psnfss/helvet.sty
Package: helvet 2005/04/12 PSNFSS-v9.2a (WaS) 
)
(/usr/share/texlive/texmf-dist/tex/latex/psnfss/courier.sty
Package: courier 2005/04/12 PSNFSS-v9.2a (WaS) 
)
(/usr/share/texlive/texmf-dist/tex/latex/sectsty/sectsty.sty
Package: sectsty 2002/02/25 v2.0.2 Commands to change all sectional heading sty
les


LaTeX Warning: Command \underbar  has changed.
               Check if current package is valid.


LaTeX Warning: Command \underline  has changed.
               Check if current package is valid.

) (/usr/share/texlive/texmf-dist/tex/latex/geometry/geometry.sty
Package: geometry 2020/01/02 v5.9 Page Geometry

(/usr/share/texlive/texmf-dist/tex/generic/iftex/ifvtex.sty
Package: ifvtex 2019/10/25 v1.7 ifvtex legacy package. Use iftex instead.
)
\Gm@cnth=\count281
\Gm@cntv=\count282
\c@Gm@tempcnt=\count283
\Gm@bindingoffset=\dimen183
\Gm@wd@mp=\dimen184
\Gm@odd@mp=\dimen185
\Gm@even@mp=\dimen186
\Gm@layoutwidth=\dimen187
\Gm@layoutheight=\dimen188
\Gm@layouthoffset=\dimen189
\Gm@layoutvoffset=\dimen190
\Gm@dimlist=\toks31
)
(/usr/share/texlive/texmf-dist/tex/latex/fancyhdr/fancyhdr.sty
Package: fancyhdr 2019/01/31 v3.10 Extensive control of page headers and footer
s
\f@nch@headwidth=\skip81
\f@nch@O@elh=\skip82
\f@nch@O@erh=\skip83
\f@nch@O@olh=\skip84
\f@nch@O@orh=\skip85
\f@nch@O@elf=\skip86
\f@nch@O@erf=\skip87
\f@nch@O@olf=\skip88
\f@nch@O@orf=\skip89
)
(/usr/share/texlive/texmf-dist/tex/latex/natbib/natbib.sty
Package: natbib 2010/09/13 8.31b (PWD, AO)
\bibhang=\skip90
\bibsep=\skip91
LaTeX Info: Redefining \cite on input line 694.
\c@NAT@ctr=\count284
)
(/usr/share/texlive/texmf-dist/tex/latex/tocloft/tocloft.sty
Package: tocloft 2017/08/31 v2.3i parameterised ToC, etc., typesetting
Package tocloft Info: The document has section divisions on input line 51.
\cftparskip=\skip92
\cftbeforetoctitleskip=\skip93
\cftaftertoctitleskip=\skip94
\cftbeforepartskip=\skip95
\cftpartnumwidth=\skip96
\cftpartindent=\skip97
\cftbeforesecskip=\skip98
\cftsecindent=\skip99
\cftsecnumwidth=\skip100
\cftbeforesubsecskip=\skip101
\cftsubsecindent=\skip102
\cftsubsecnumwidth=\skip103
\cftbeforesubsubsecskip=\skip104
\cftsubsubsecindent=\skip105
\cftsubsubsecnumwidth=\skip106
\cftbeforeparaskip=\skip107
\cftparaindent=\skip108
\cftparanumwidth=\skip109
\cftbeforesubparaskip=\skip110
\cftsubparaindent=\skip111
\cftsubparanumwidth=\skip112
\cftbeforeloftitleskip=\skip113
\cftafterloftitleskip=\skip114
\cftbeforefigskip=\skip115
\cftfigindent=\skip116
\cftfignumwidth=\skip117
\c@lofdepth=\count285
\c@lotdepth=\count286
\cftbeforelottitleskip=\skip118
\cftafterlottitleskip=\skip119
\cftbeforetabskip=\skip120
\cfttabindent=\skip121
\cfttabnumwidth=\skip122
)
\@indexfile=\write4
\openout4 = `refman.idx'.


Writing index file refman.idx
(/usr/share/texlive/texmf-dist/tex/latex/newunicodechar/newunicodechar.sty
Package: newunicodechar 2018/04/08 v1.2 Defining Unicode characters
)

Package newunicodechar Warning: Redefining Unicode character on input line 113.



Package newunicodechar Warning: Redefining Unicode character on input line 114.


(/usr/share/texlive/texmf-dist/tex/latex/hyperref/hyperref.sty
Package: hyperref 2020/01/14 v7.00d Hypertext links for LaTeX

(/usr/share/texlive/texmf-dist/tex/generic/ltxcmds/ltxcmds.sty
Package: ltxcmds 2019/12/15 v1.24 LaTeX kernel commands for general use (HO)
)
(/usr/share/texlive/texmf-dist/tex/latex/pdftexcmds/pdftexcmds.sty
Package: pdftexcmds 2019/11/24 v0.31 Utility functions of pdfTeX for LuaTeX (HO
)

(/usr/share/texlive/texmf-dist/tex/generic/infwarerr/infwarerr.sty
Package: infwarerr 2019/12/03 v1.5 Providing info/warning/error messages (HO)
)
Package pdftexcmds Info: \pdf@primitive is available.
Package pdftexcmds Info: \pdf@ifprimitive is available.
Package pdftexcmds Info: \pdfdraftmode found.
)
(/usr/share/texlive/texmf-dist/tex/generic/kvsetkeys/kvsetkeys.sty
Package: kvsetkeys 2019/12/15 v1.18 Key value parser (HO)
)
(/usr/share/texlive/texmf-dist/tex/generic/kvdefinekeys/kvdefinekeys.sty
Package: kvdefinekeys 2019-12-19 v1.6 Define keys (HO)
)
(/usr/share/texlive/texmf-dist/tex/generic/pdfescape/pdfescape.sty
Package: pdfescape 2019/12/09 v1.15 Implements pdfTeX's escape features (HO)
)
(/usr/share/texlive/texmf-dist/tex/latex/hycolor/hycolor.sty
Package: hycolor 2020-01-27 v1.10 Color options for hyperref/bookmark (HO)
)
(/usr/share/texlive/texmf-dist/tex/latex/letltxmacro/letltxmacro.sty
Package: letltxmacro 2019/12/03 v1.6 Let assignment for LaTeX macros (HO)
)
(/usr/share/texlive/texmf-dist/tex/latex/auxhook/auxhook.sty
Package: auxhook 2019-12-17 v1.6 Hooks for auxiliary files (HO)
)
(/usr/share/texlive/texmf-dist/tex/latex/kvoptions/kvoptions.sty
Package: kvoptions 2019/11/29 v3.13 Key value format for package options (HO)
)
\@linkdim=\dimen191
\Hy@linkcounter=\count287
\Hy@pagecounter=\count288

(/usr/share/texlive/texmf-dist/tex/latex/hyperref/pd1enc.def
File: pd1enc.def 2020/01/14 v7.00d Hyperref: PDFDocEncoding definition (HO)
Now handling font encoding PD1 ...
... no UTF-8 mapping file for font encoding PD1
)
(/usr/share/texlive/texmf-dist/tex/generic/intcalc/intcalc.sty
Package: intcalc 2019/12/15 v1.3 Expandable calculations with integers (HO)
)
(/usr/share/texlive/texmf-dist/tex/generic/etexcmds/etexcmds.sty
Package: etexcmds 2019/12/15 v1.7 Avoid name clashes with e-TeX commands (HO)
)
\Hy@SavedSpaceFactor=\count289
\pdfmajorversion=\count290
Package hyperref Info: Hyper figures OFF on input line 4547.
Package hyperref Info: Link nesting OFF on input line 4552.
Package hyperref Info: Hyper index ON on input line 4555.
Package hyperref Info: Plain pages OFF on input line 4562.
Package hyperref Info: Backreferencing ON on input line 4565.
Package hyperref Info: Implicit mode ON; LaTeX internals redefined.
Package hyperref Info: Bookmarks ON on input line 4800.

(/usr/share/texlive/texmf-dist/tex/latex/hyperref/backref.sty
Package: backref 2020/01/14 v1.40 Bibliographical back referencing

(/usr/share/texlive/texmf-dist/tex/latex/rerunfilecheck/rerunfilecheck.sty
Package: rerunfilecheck 2019/12/05 v1.9 Rerun checks for auxiliary files (HO)

(/usr/share/texlive/texmf-dist/tex/latex/atveryend/atveryend.sty
Package: atveryend 2019-12-11 v1.11 Hooks at the very end of document (HO)
)
(/usr/share/texlive/texmf-dist/tex/generic/uniquecounter/uniquecounter.sty
Package: uniquecounter 2019/12/15 v1.4 Provide unlimited unique counter (HO)

(/usr/share/texlive/texmf-dist/tex/generic/bigintcalc/bigintcalc.sty
Package: bigintcalc 2019/12/15 v1.5 Expandable calculations on big integers (HO
)
))
Package uniquecounter Info: New unique counter `rerunfilecheck' on input line 2
86.
))
\c@Hy@tempcnt=\count291

(/usr/share/texlive/texmf-dist/tex/latex/url/url.sty
\Urlmuskip=\muskip16
Package: url 2013/09/16  ver 3.4  Verb mode for urls, etc.
)
LaTeX Info: Redefining \url on input line 5159.
\XeTeXLinkMargin=\dimen192

(/usr/share/texlive/texmf-dist/tex/generic/bitset/bitset.sty
Package: bitset 2019/12/09 v1.3 Handle bit-vector datatype (HO)
)
\Fld@menulength=\count292
\Field@Width=\dimen193
\Fld@charsize=\dimen194
Package hyperref Info: Hyper figures OFF on input line 6430.
Package hyperref Info: Link nesting OFF on input line 6435.
Package hyperref Info: Hyper index ON on input line 6438.
Package hyperref Info: backreferencing ON on input line 6443.
Package hyperref Info: Link coloring OFF on input line 6450.
Package hyperref Info: Link coloring with OCG OFF on input line 6455.
Package hyperref Info: PDF/A mode OFF on input line 6460.
LaTeX Info: Redefining \ref on input line 6500.
LaTeX Info: Redefining \pageref on input line 6504.

(/usr/share/texlive/texmf-dist/tex/generic/atbegshi/atbegshi.sty
Package: atbegshi 2019/12/05 v1.19 At begin shipout hook (HO)
)
\Hy@abspage=\count293
\c@Item=\count294
\c@Hfootnote=\count295
)
Package hyperref Info: Driver: hpdftex.

(/usr/share/texlive/texmf-dist/tex/latex/hyperref/hpdftex.def
File: hpdftex.def 2020/01/14 v7.00d Hyperref driver for pdfTeX
\Fld@listcount=\count296
\c@bookmark@seq@number=\count297
\Hy@SectionHShift=\skip123
)
Package hyperref Info: Option `colorlinks' set `true' on input line 132.
Package hyperref Info: Option `unicode' set `true' on input line 132.

(/usr/share/texlive/texmf-dist/tex/latex/hyperref/puenc.def
File: puenc.def 2020/01/14 v7.00d Hyperref: PDF Unicode definition (HO)
Now handling font encoding PU ...
... no UTF-8 mapping file for font encoding PU
)
(/usr/share/texlive/texmf-dist/tex/latex/caption/caption.sty
Package: caption 2020/01/03 v3.4h Customizing captions (AR)

(/usr/share/texlive/texmf-dist/tex/latex/caption/caption3.sty
Package: caption3 2020/01/03 v1.8h caption3 kernel (AR)
Package caption3 Info: TeX engine: e-TeX on input line 61.
\captionmargin=\dimen195
\captionmargin@=\dimen196
\captionwidth=\dimen197
\caption@tempdima=\dimen198
\caption@indent=\dimen199
\caption@parindent=\dimen256
\caption@hangindent=\dimen257
Package caption Info: Standard document class detected.
)
\c@caption@flags=\count298
\c@continuedfloat=\count299
Package caption Info: float package is loaded.
Package caption Info: hyperref package is loaded.
Package caption Info: longtable package is loaded.

(/usr/share/texlive/texmf-dist/tex/latex/caption/ltcaption.sty
Package: ltcaption 2018/08/26 v1.4a longtable captions (AR)
))
(/usr/share/texlive/texmf-dist/tex/latex/etoc/etoc.sty
Package: etoc 2019/11/17 v1.09b Completely customisable TOCs (JFB)
\Etoc@toctoks=\toks32
\c@etoc@tocid=\count300
\c@etoc@tocdepth=\count301
\etoc@framed@titlebox=\box112
\etoc@framed@contentsbox=\box113
)
(/usr/share/texlive/texmf-dist/tex/latex/l3backend/l3backend-pdfmode.def
File: l3backend-pdfmode.def 2020-02-03 L3 backend support: PDF mode
\l__kernel_color_stack_int=\count302
\l__pdf_internal_box=\box114
)
(./refman.aux)
\openout1 = `refman.aux'.

LaTeX Font Info:    Checking defaults for OML/cmm/m/it on input line 147.
LaTeX Font Info:    ... okay on input line 147.
LaTeX Font Info:    Checking defaults for OMS/cmsy/m/n on input line 147.
LaTeX Font Info:    ... okay on input line 147.
LaTeX Font Info:    Checking defaults for OT1/cmr/m/n on input line 147.
LaTeX Font Info:    ... okay on input line 147.
LaTeX Font Info:    Checking defaults for T1/cmr/m/n on input line 147.
LaTeX Font Info:    ... okay on input line 147.
LaTeX Font Info:    Checking defaults for TS1/cmr/m/n on input line 147.
LaTeX Font Info:    ... okay on input line 147.
LaTeX Font Info:    Checking defaults for OMX/cmex/m/n on input line 147.
LaTeX Font Info:    ... okay on input line 147.
LaTeX Font Info:    Checking defaults for U/cmr/m/n on input line 147.
LaTeX Font Info:    ... okay on input line 147.
LaTeX Font Info:    Checking defaults for PD1/pdf/m/n on input line 147.
LaTeX Font Info:    ... okay on input line 147.
LaTeX Font Info:    Checking defaults for PU/pdf/m/n on input line 147.
LaTeX Font Info:    ... okay on input line 147.
LaTeX Font Info:    Trying to load font information for T1+phv on input line 14
7.
 (/usr/share/texlive/texmf-dist/tex/latex/psnfss/t1phv.fd
File: t1phv.fd 2001/06/04 scalable font definitions for T1/phv.
)
LaTeX Font Info:    Font shape `T1/phv/m/n' will be
(Font)              scaled to size 8.99994pt on input line 147.

(/usr/share/texlive/texmf-dist/tex/context/base/mkii/supp-pdf.mkii
[Loading MPS to PDF converter (version 2006.09.02).]
\scratchcounter=\count303
\scratchdimen=\dimen258
\scratchbox=\box115
\nofMPsegments=\count304
\nofMParguments=\count305
\everyMPshowfont=\toks33
\MPscratchCnt=\count306
\MPscratchDim=\dimen259
\MPnumerator=\count307
\makeMPintoPDFobject=\count308
\everyMPtoPDFconversion=\toks34
) (/usr/share/texlive/texmf-dist/tex/latex/epstopdf-pkg/epstopdf-base.sty
Package: epstopdf-base 2020-01-24 v2.11 Base part for package epstopdf
Package epstopdf-base Info: Redefining graphics rule for `.eps' on input line 4
85.

(/usr/share/texlive/texmf-dist/tex/latex/latexconfig/epstopdf-sys.cfg
File: epstopdf-sys.cfg 2010/07/13 v1.3 Configuration of (r)epstopdf for TeX Liv
e
))
*geometry* driver: auto-detecting
*geometry* detected driver: pdftex
*geometry* verbose mode - [ preamble ] result:
* driver: pdftex
* paper: a4paper
* layout: <same size as paper>
* layoutoffset:(h,v)=(0.0pt,0.0pt)
* modes: twoside 
* h-part:(L,W,R)=(71.13188pt, 455.24411pt, 71.13188pt)
* v-part:(T,H,B)=(71.13188pt, 702.78308pt, 71.13188pt)
* \paperwidth=597.50787pt
* \paperheight=845.04684pt
* \textwidth=455.24411pt
* \textheight=702.78308pt
* \oddsidemargin=-1.1381pt
* \evensidemargin=-1.1381pt
* \topmargin=-38.1381pt
* \headheight=12.0pt
* \headsep=25.0pt
* \topskip=10.0pt
* \footskip=30.0pt
* \marginparwidth=121.0pt
* \marginparsep=11.0pt
* \columnsep=10.0pt
* \skip\footins=9.0pt plus 4.0pt minus 2.0pt
* \hoffset=0.0pt
* \voffset=0.0pt
* \mag=1000
* \@twocolumnfalse
* \@twosidetrue
* \@mparswitchtrue
* \@reversemarginfalse
* (1in=72.27pt=25.4mm, 1cm=28.453pt)

Package backref Info: ** backref set up for natbib ** on input line 147.
\AtBeginShipoutBox=\box116
Package hyperref Info: Link coloring ON on input line 147.
(/usr/share/texlive/texmf-dist/tex/latex/hyperref/nameref.sty
Package: nameref 2019/09/16 v2.46 Cross-referencing by name of section

(/usr/share/texlive/texmf-dist/tex/latex/refcount/refcount.sty
Package: refcount 2019/12/15 v3.6 Data extraction from label references (HO)
)
(/usr/share/texlive/texmf-dist/tex/generic/gettitlestring/gettitlestring.sty
Package: gettitlestring 2019/12/15 v1.6 Cleanup title references (HO)
)
\c@section@level=\count309
)
LaTeX Info: Redefining \ref on input line 147.
LaTeX Info: Redefining \pageref on input line 147.
LaTeX Info: Redefining \nameref on input line 147.

(./refman.out) (./refman.out)
\@outlinefile=\write5
\openout5 = `refman.out'.

Package caption Info: Begin \AtBeginDocument code.
Package caption Info: End \AtBeginDocument code.
\Etoc@tf=\read4
Package hyperref Info: Option `pageanchor' set `false' on input line 153.
Package hyperref Info: Option `bookmarksnumbered' set `true' on input line 153.

Package hyperref Info: Option `unicode' set `true' on input line 153.
LaTeX Font Info:    Font shape `T1/phv/m/n' will be
(Font)              scaled to size 12.9599pt on input line 158.
LaTeX Font Info:    Font shape `T1/phv/m/n' will be
(Font)              scaled to size 10.79993pt on input line 160.
 [1

{/var/lib/texmf/fonts/map/pdftex/updmap/pdftex.map}]
\tf@toc=\write6
\openout6 = `refman.toc'.

LaTeX Font Info:    Font shape `T1/phv/b/n' will be
(Font)              scaled to size 8.99994pt on input line 165.
LaTeX Font Info:    Font shape `T1/phv/b/n' will be
(Font)              scaled to size 6.29996pt on input line 165.
LaTeX Font Info:    Trying to load font information for U+msa on input line 165
.
 (/usr/share/texlive/texmf-dist/tex/latex/amsfonts/umsa.fd
File: umsa.fd 2013/01/14 v3.01 AMS symbols A
)
LaTeX Font Info:    Trying to load font information for U+msb on input line 165
.

(/usr/share/texlive/texmf-dist/tex/latex/amsfonts/umsb.fd
File: umsb.fd 2013/01/14 v3.01 AMS symbols B
)
LaTeX Font Info:    Trying to load font information for U+wasy on input line 16
5.

(/usr/share/texlive/texmf-dist/tex/latex/wasysym/uwasy.fd
File: uwasy.fd 2020/01/19 v2.4 Wasy-2 symbol font definitions
)
LaTeX Font Info:    Font shape `T1/phv/m/n' will be
(Font)              scaled to size 6.29996pt on input line 165.
 [1] [2] [3] [4]
Package hyperref Info: Option `pageanchor' set `true' on input line 166.
LaTeX Font Info:    Font shape `T1/phv/b/n' will be
(Font)              scaled to size 12.9599pt on input line 169.

(./index.tex
LaTeX Font Info:    Trying to load font information for TS1+phv on input line 7
.
 (/usr/share/texlive/texmf-dist/tex/latex/psnfss/ts1phv.fd
File: ts1phv.fd 2001/06/04 scalable font definitions for TS1/phv.
)
LaTeX Font Info:    Font shape `TS1/phv/m/n' will be
(Font)              scaled to size 8.99994pt on input line 7.
LaTeX Font Info:    Trying to load font information for T1+pcr on input line 9.


(/usr/share/texlive/texmf-dist/tex/latex/psnfss/t1pcr.fd
File: t1pcr.fd 2001/06/04 font definitions for T1/pcr.
) [1])
(./namespaces.tex
LaTeX Font Info:    Font shape `T1/phv/b/n' will be
(Font)              scaled to size 10.79993pt on input line 1.
) (./hierarchy.tex [2] [3] [4] [5]) (./annotated.tex [6]
[7]) (./namespaceIir.tex [8] [9]
Underfull \vbox (badness 10000) has occurred while \output is active []

 [10]
LaTeX Font Info:    Font shape `T1/phv/m/n' will be
(Font)              scaled to size 7.19995pt on input line 151.
)
(./namespaceIir_1_1Butterworth.tex) (./namespaceIir_1_1ChebyshevI.tex)
(./namespaceIir_1_1ChebyshevII.tex [11]) (./namespaceIir_1_1Custom.tex)
(./structIir_1_1RBJ_1_1AllPass.tex <./structIir_1_1RBJ_1_1AllPass.pdf>
<structIir_1_1RBJ_1_1AllPass.pdf, id=1534, 501.875pt x 519.17964pt>
File: structIir_1_1RBJ_1_1AllPass.pdf Graphic file (type pdf)
<use structIir_1_1RBJ_1_1AllPass.pdf>
Package pdftex.def Info: structIir_1_1RBJ_1_1AllPass.pdf  used on input line 10
.
(pdftex.def)             Requested size: 82.50713pt x 85.35826pt.
 [12]
LaTeX Font Info:    Font shape `T1/pcr/m/it' in size <8> not available
(Font)              Font shape `T1/pcr/m/sl' tried instead on input line 30.
LaTeX Font Info:    Font shape `T1/pcr/m/it' in size <7> not available
(Font)              Font shape `T1/pcr/m/sl' tried instead on input line 30.
)
(./classIir_1_1Butterworth_1_1AnalogLowPass.tex <./classIir_1_1Butterworth_1_1A
nalogLowPass.pdf>
<classIir_1_1Butterworth_1_1AnalogLowPass.pdf, id=1549, 501.875pt x 203.81145pt
>
File: classIir_1_1Butterworth_1_1AnalogLowPass.pdf Graphic file (type pdf)
<use classIir_1_1Butterworth_1_1AnalogLowPass.pdf>
Package pdftex.def Info: classIir_1_1Butterworth_1_1AnalogLowPass.pdf  used on 
input line 10.
(pdftex.def)             Requested size: 140.12582pt x 56.9055pt.
 [13]) (./classIir_1_1ChebyshevI_1_1AnalogLowPass.tex <./classIir_1_1ChebyshevI
_1_1AnalogLowPass.pdf>
<classIir_1_1ChebyshevI_1_1AnalogLowPass.pdf, id=1570, 501.875pt x 200.75pt>
File: classIir_1_1ChebyshevI_1_1AnalogLowPass.pdf Graphic file (type pdf)
<use classIir_1_1ChebyshevI_1_1AnalogLowPass.pdf>
Package pdftex.def Info: classIir_1_1ChebyshevI_1_1AnalogLowPass.pdf  used on i
nput line 10.
(pdftex.def)             Requested size: 142.26239pt x 56.9055pt.
)
(./classIir_1_1ChebyshevII_1_1AnalogLowPass.tex <./classIir_1_1ChebyshevII_1_1A
nalogLowPass.pdf>
<classIir_1_1ChebyshevII_1_1AnalogLowPass.pdf, id=1576, 501.875pt x 197.7789pt>

File: classIir_1_1ChebyshevII_1_1AnalogLowPass.pdf Graphic file (type pdf)
<use classIir_1_1ChebyshevII_1_1AnalogLowPass.pdf>
Package pdftex.def Info: classIir_1_1ChebyshevII_1_1AnalogLowPass.pdf  used on 
input line 10.
(pdftex.def)             Requested size: 144.39897pt x 56.9055pt.
) (./classIir_1_1ChebyshevII_1_1AnalogLowShelf.tex <./classIir_1_1ChebyshevII_1
_1AnalogLowShelf.pdf>
<classIir_1_1ChebyshevII_1_1AnalogLowShelf.pdf, id=1582, 501.875pt x 195.8517pt
>
File: classIir_1_1ChebyshevII_1_1AnalogLowShelf.pdf Graphic file (type pdf)
<use classIir_1_1ChebyshevII_1_1AnalogLowShelf.pdf>
Package pdftex.def Info: classIir_1_1ChebyshevII_1_1AnalogLowShelf.pdf  used on
 input line 10.
(pdftex.def)             Requested size: 145.82336pt x 56.9055pt.
)
(./classIir_1_1Butterworth_1_1AnalogLowShelf.tex [14] <./classIir_1_1Butterwort
h_1_1AnalogLowShelf.pdf>
<classIir_1_1Butterworth_1_1AnalogLowShelf.pdf, id=1597, 501.875pt x 201.76378p
t>
File: classIir_1_1Butterworth_1_1AnalogLowShelf.pdf Graphic file (type pdf)
<use classIir_1_1Butterworth_1_1AnalogLowShelf.pdf>
Package pdftex.def Info: classIir_1_1Butterworth_1_1AnalogLowShelf.pdf  used on
 input line 10.
(pdftex.def)             Requested size: 141.54254pt x 56.9055pt.
) (./classIir_1_1ChebyshevI_1_1AnalogLowShelf.tex <./classIir_1_1ChebyshevI_1_1
AnalogLowShelf.pdf>
<classIir_1_1ChebyshevI_1_1AnalogLowShelf.pdf, id=1603, 501.875pt x 198.76257pt
>
File: classIir_1_1ChebyshevI_1_1AnalogLowShelf.pdf Graphic file (type pdf)
<use classIir_1_1ChebyshevI_1_1AnalogLowShelf.pdf>
Package pdftex.def Info: classIir_1_1ChebyshevI_1_1AnalogLowShelf.pdf  used on 
input line 10.
(pdftex.def)             Requested size: 143.67912pt x 56.9055pt.
)
(./structIir_1_1ChebyshevI_1_1BandPass.tex

Package hyperref Warning: Token not allowed in a PDF string (Unicode):
(hyperref)                removing `math shift' on input line 1.


Package hyperref Warning: Token not allowed in a PDF string (Unicode):
(hyperref)                removing `math shift' on input line 1.


Package hyperref Warning: Token not allowed in a PDF string (Unicode):
(hyperref)                removing `math shift' on input line 1.


Package hyperref Warning: Token not allowed in a PDF string (Unicode):
(hyperref)                removing `math shift' on input line 1.

 <./structIir_1_1ChebyshevI_1_1BandPass.pdf>
<structIir_1_1ChebyshevI_1_1BandPass.pdf, id=1609, 501.875pt x 87.2861pt>
File: structIir_1_1ChebyshevI_1_1BandPass.pdf Graphic file (type pdf)
<use structIir_1_1ChebyshevI_1_1BandPass.pdf>
Package pdftex.def Info: structIir_1_1ChebyshevI_1_1BandPass.pdf  used on input
 line 10.
(pdftex.def)             Requested size: 398.33778pt x 69.2763pt.
 [15]
LaTeX Font Info:    Font shape `T1/phv/bc/n' will be
(Font)              scaled to size 6.29996pt on input line 28.
LaTeX Font Info:    Font shape `T1/phv/b/n' will be
(Font)              scaled to size 7.19995pt on input line 44.
 [16])
(./structIir_1_1Butterworth_1_1BandPass.tex

Package hyperref Warning: Token not allowed in a PDF string (Unicode):
(hyperref)                removing `math shift' on input line 1.


Package hyperref Warning: Token not allowed in a PDF string (Unicode):
(hyperref)                removing `math shift' on input line 1.


Package hyperref Warning: Token not allowed in a PDF string (Unicode):
(hyperref)                removing `math shift' on input line 1.


Package hyperref Warning: Token not allowed in a PDF string (Unicode):
(hyperref)                removing `math shift' on input line 1.

 <./structIir_1_1Butterworth_1_1BandPass.pdf>
<structIir_1_1Butterworth_1_1BandPass.pdf, id=1656, 501.875pt x 87.2861pt>
File: structIir_1_1Butterworth_1_1BandPass.pdf Graphic file (type pdf)
<use structIir_1_1Butterworth_1_1BandPass.pdf>
Package pdftex.def Info: structIir_1_1Butterworth_1_1BandPass.pdf  used on inpu
t line 10.
(pdftex.def)             Requested size: 398.33778pt x 69.2763pt.
 [17]
Underfull \vbox (badness 4181) has occurred while \output is active []

 [18])
(./structIir_1_1ChebyshevII_1_1BandPass.tex

Package hyperref Warning: Token not allowed in a PDF string (Unicode):
(hyperref)                removing `math shift' on input line 1.


Package hyperref Warning: Token not allowed in a PDF string (Unicode):
(hyperref)                removing `math shift' on input line 1.


Package hyperref Warning: Token not allowed in a PDF string (Unicode):
(hyperref)                removing `math shift' on input line 1.


Package hyperref Warning: Token not allowed in a PDF string (Unicode):
(hyperref)                removing `math shift' on input line 1.

 <./structIir_1_1ChebyshevII_1_1BandPass.pdf>
<structIir_1_1ChebyshevII_1_1BandPass.pdf, id=1702, 501.875pt x 87.2861pt>
File: structIir_1_1ChebyshevII_1_1BandPass.pdf Graphic file (type pdf)
<use structIir_1_1ChebyshevII_1_1BandPass.pdf>
Package pdftex.def Info: structIir_1_1ChebyshevII_1_1BandPass.pdf  used on inpu
t line 10.
(pdftex.def)             Requested size: 398.33778pt x 69.2763pt.
 [19] [20])
(./structIir_1_1RBJ_1_1BandPass1.tex <./structIir_1_1RBJ_1_1BandPass1.pdf>
<structIir_1_1RBJ_1_1BandPass1.pdf, id=1750, 501.875pt x 466.8642pt>
File: structIir_1_1RBJ_1_1BandPass1.pdf Graphic file (type pdf)
<use structIir_1_1RBJ_1_1BandPass1.pdf>
Package pdftex.def Info: structIir_1_1RBJ_1_1BandPass1.pdf  used on input line 
10.
(pdftex.def)             Requested size: 91.75798pt x 85.35826pt.

[21]) (./structIir_1_1RBJ_1_1BandPass2.tex <./structIir_1_1RBJ_1_1BandPass2.pdf
>
<structIir_1_1RBJ_1_1BandPass2.pdf, id=1770, 501.875pt x 466.8642pt>
File: structIir_1_1RBJ_1_1BandPass2.pdf Graphic file (type pdf)
<use structIir_1_1RBJ_1_1BandPass2.pdf>
Package pdftex.def Info: structIir_1_1RBJ_1_1BandPass2.pdf  used on input line 
10.
(pdftex.def)             Requested size: 91.75798pt x 85.35826pt.
 [22]) (./structIir_1_1ChebyshevII_1_1BandPassBase.tex <./structIir_1_1Chebyshe
vII_1_1BandPassBase.pdf>
<structIir_1_1ChebyshevII_1_1BandPassBase.pdf, id=1790, 501.875pt x 344.63757pt
>
File: structIir_1_1ChebyshevII_1_1BandPassBase.pdf Graphic file (type pdf)
<use structIir_1_1ChebyshevII_1_1BandPassBase.pdf>
Package pdftex.def Info: structIir_1_1ChebyshevII_1_1BandPassBase.pdf  used on 
input line 6.
(pdftex.def)             Requested size: 165.73413pt x 113.81102pt.
) (./structIir_1_1ChebyshevI_1_1BandPassBase.tex <./structIir_1_1ChebyshevI_1_1
BandPassBase.pdf>
<structIir_1_1ChebyshevI_1_1BandPassBase.pdf, id=1796, 501.875pt x 344.63757pt>

File: structIir_1_1ChebyshevI_1_1BandPassBase.pdf Graphic file (type pdf)
<use structIir_1_1ChebyshevI_1_1BandPassBase.pdf>
Package pdftex.def Info: structIir_1_1ChebyshevI_1_1BandPassBase.pdf  used on i
nput line 6.
(pdftex.def)             Requested size: 165.73413pt x 113.81102pt.
)
(./structIir_1_1Butterworth_1_1BandPassBase.tex <./structIir_1_1Butterworth_1_1
BandPassBase.pdf>
<structIir_1_1Butterworth_1_1BandPassBase.pdf, id=1802, 501.875pt x 344.63757pt
>
File: structIir_1_1Butterworth_1_1BandPassBase.pdf Graphic file (type pdf)
<use structIir_1_1Butterworth_1_1BandPassBase.pdf>
Package pdftex.def Info: structIir_1_1Butterworth_1_1BandPassBase.pdf  used on 
input line 6.
(pdftex.def)             Requested size: 165.73413pt x 113.81102pt.
 [23]) (./classIir_1_1BandPassTransform.tex)
(./structIir_1_1Butterworth_1_1BandShelf.tex

Package hyperref Warning: Token not allowed in a PDF string (Unicode):
(hyperref)                removing `math shift' on input line 1.


Package hyperref Warning: Token not allowed in a PDF string (Unicode):
(hyperref)                removing `math shift' on input line 1.


Package hyperref Warning: Token not allowed in a PDF string (Unicode):
(hyperref)                removing `math shift' on input line 1.


Package hyperref Warning: Token not allowed in a PDF string (Unicode):
(hyperref)                removing `math shift' on input line 1.

 <./structIir_1_1Butterworth_1_1BandShelf.pdf>
<structIir_1_1Butterworth_1_1BandShelf.pdf, id=1818, 501.875pt x 87.2861pt>
File: structIir_1_1Butterworth_1_1BandShelf.pdf Graphic file (type pdf)
<use structIir_1_1Butterworth_1_1BandShelf.pdf>
Package pdftex.def Info: structIir_1_1Butterworth_1_1BandShelf.pdf  used on inp
ut line 10.
(pdftex.def)             Requested size: 398.33778pt x 69.2763pt.
 [24] [25])
(./structIir_1_1RBJ_1_1BandShelf.tex <./structIir_1_1RBJ_1_1BandShelf.pdf>
<structIir_1_1RBJ_1_1BandShelf.pdf, id=1862, 501.875pt x 485.68451pt>
File: structIir_1_1RBJ_1_1BandShelf.pdf Graphic file (type pdf)
<use structIir_1_1RBJ_1_1BandShelf.pdf>
Package pdftex.def Info: structIir_1_1RBJ_1_1BandShelf.pdf  used on input line 
10.
(pdftex.def)             Requested size: 88.19702pt x 85.35826pt.

[26]) (./structIir_1_1ChebyshevI_1_1BandShelf.tex

Package hyperref Warning: Token not allowed in a PDF string (Unicode):
(hyperref)                removing `math shift' on input line 1.


Package hyperref Warning: Token not allowed in a PDF string (Unicode):
(hyperref)                removing `math shift' on input line 1.


Package hyperref Warning: Token not allowed in a PDF string (Unicode):
(hyperref)                removing `math shift' on input line 1.


Package hyperref Warning: Token not allowed in a PDF string (Unicode):
(hyperref)                removing `math shift' on input line 1.

 <./structIir_1_1ChebyshevI_1_1BandShelf.pdf>
<structIir_1_1ChebyshevI_1_1BandShelf.pdf, id=1882, 501.875pt x 87.2861pt>
File: structIir_1_1ChebyshevI_1_1BandShelf.pdf Graphic file (type pdf)
<use structIir_1_1ChebyshevI_1_1BandShelf.pdf>
Package pdftex.def Info: structIir_1_1ChebyshevI_1_1BandShelf.pdf  used on inpu
t line 10.
(pdftex.def)             Requested size: 398.33778pt x 69.2763pt.
 [27]
Underfull \vbox (badness 10000) has occurred while \output is active []

 [28])
(./structIir_1_1ChebyshevII_1_1BandShelf.tex

Package hyperref Warning: Token not allowed in a PDF string (Unicode):
(hyperref)                removing `math shift' on input line 1.


Package hyperref Warning: Token not allowed in a PDF string (Unicode):
(hyperref)                removing `math shift' on input line 1.


Package hyperref Warning: Token not allowed in a PDF string (Unicode):
(hyperref)                removing `math shift' on input line 1.


Package hyperref Warning: Token not allowed in a PDF string (Unicode):
(hyperref)                removing `math shift' on input line 1.

 <./structIir_1_1ChebyshevII_1_1BandShelf.pdf>
<structIir_1_1ChebyshevII_1_1BandShelf.pdf, id=1928, 501.875pt x 87.2861pt>
File: structIir_1_1ChebyshevII_1_1BandShelf.pdf Graphic file (type pdf)
<use structIir_1_1ChebyshevII_1_1BandShelf.pdf>
Package pdftex.def Info: structIir_1_1ChebyshevII_1_1BandShelf.pdf  used on inp
ut line 10.
(pdftex.def)             Requested size: 398.33778pt x 69.2763pt.
 [29] [30])
(./structIir_1_1Butterworth_1_1BandShelfBase.tex <./structIir_1_1Butterworth_1_
1BandShelfBase.pdf>
<structIir_1_1Butterworth_1_1BandShelfBase.pdf, id=1973, 501.875pt x 341.7066pt
>
File: structIir_1_1Butterworth_1_1BandShelfBase.pdf Graphic file (type pdf)
<use structIir_1_1Butterworth_1_1BandShelfBase.pdf>
Package pdftex.def Info: structIir_1_1Butterworth_1_1BandShelfBase.pdf  used on
 input line 6.
(pdftex.def)             Requested size: 167.15851pt x 113.81102pt.

Underfull \vbox (badness 10000) has occurred while \output is active []

 [31])
(./structIir_1_1ChebyshevII_1_1BandShelfBase.tex <./structIir_1_1ChebyshevII_1_
1BandShelfBase.pdf>
<structIir_1_1ChebyshevII_1_1BandShelfBase.pdf, id=1987, 501.875pt x 341.7066pt
>
File: structIir_1_1ChebyshevII_1_1BandShelfBase.pdf Graphic file (type pdf)
<use structIir_1_1ChebyshevII_1_1BandShelfBase.pdf>
Package pdftex.def Info: structIir_1_1ChebyshevII_1_1BandShelfBase.pdf  used on
 input line 6.
(pdftex.def)             Requested size: 167.15851pt x 113.81102pt.
) (./structIir_1_1ChebyshevI_1_1BandShelfBase.tex <./structIir_1_1ChebyshevI_1_
1BandShelfBase.pdf>
<structIir_1_1ChebyshevI_1_1BandShelfBase.pdf, id=1993, 501.875pt x 341.7066pt>

File: structIir_1_1ChebyshevI_1_1BandShelfBase.pdf Graphic file (type pdf)
<use structIir_1_1ChebyshevI_1_1BandShelfBase.pdf>
Package pdftex.def Info: structIir_1_1ChebyshevI_1_1BandShelfBase.pdf  used on 
input line 6.
(pdftex.def)             Requested size: 167.15851pt x 113.81102pt.
 [32])
(./structIir_1_1ChebyshevI_1_1BandStop.tex

Package hyperref Warning: Token not allowed in a PDF string (Unicode):
(hyperref)                removing `math shift' on input line 1.


Package hyperref Warning: Token not allowed in a PDF string (Unicode):
(hyperref)                removing `math shift' on input line 1.


Package hyperref Warning: Token not allowed in a PDF string (Unicode):
(hyperref)                removing `math shift' on input line 1.


Package hyperref Warning: Token not allowed in a PDF string (Unicode):
(hyperref)                removing `math shift' on input line 1.

 <./structIir_1_1ChebyshevI_1_1BandStop.pdf>
<structIir_1_1ChebyshevI_1_1BandStop.pdf, id=2009, 501.875pt x 87.2861pt>
File: structIir_1_1ChebyshevI_1_1BandStop.pdf Graphic file (type pdf)
<use structIir_1_1ChebyshevI_1_1BandStop.pdf>
Package pdftex.def Info: structIir_1_1ChebyshevI_1_1BandStop.pdf  used on input
 line 10.
(pdftex.def)             Requested size: 398.33778pt x 69.2763pt.

Overfull \vbox (1.90819pt too high) has occurred while \output is active []


[33]) (./structIir_1_1RBJ_1_1BandStop.tex
Underfull \vbox (badness 2042) has occurred while \output is active []

 [34] <./structIir_1_1RBJ_1_1BandStop.pdf>
<structIir_1_1RBJ_1_1BandStop.pdf, id=2056, 501.875pt x 501.875pt>
File: structIir_1_1RBJ_1_1BandStop.pdf Graphic file (type pdf)
<use structIir_1_1RBJ_1_1BandStop.pdf>
Package pdftex.def Info: structIir_1_1RBJ_1_1BandStop.pdf  used on input line 1
0.
(pdftex.def)             Requested size: 85.3559pt x 85.35826pt.
) (./structIir_1_1ChebyshevII_1_1BandStop.tex

Package hyperref Warning: Token not allowed in a PDF string (Unicode):
(hyperref)                removing `math shift' on input line 1.


Package hyperref Warning: Token not allowed in a PDF string (Unicode):
(hyperref)                removing `math shift' on input line 1.


Package hyperref Warning: Token not allowed in a PDF string (Unicode):
(hyperref)                removing `math shift' on input line 1.


Package hyperref Warning: Token not allowed in a PDF string (Unicode):
(hyperref)                removing `math shift' on input line 1.


Underfull \vbox (badness 10000) has occurred while \output is active []

 [35] <./structIir_1_1ChebyshevII_1_1BandStop.pdf>
<structIir_1_1ChebyshevII_1_1BandStop.pdf, id=2076, 501.875pt x 87.2861pt>
File: structIir_1_1ChebyshevII_1_1BandStop.pdf Graphic file (type pdf)
<use structIir_1_1ChebyshevII_1_1BandStop.pdf>
Package pdftex.def Info: structIir_1_1ChebyshevII_1_1BandStop.pdf  used on inpu
t line 10.
(pdftex.def)             Requested size: 398.33778pt x 69.2763pt.
 [36])
(./structIir_1_1Butterworth_1_1BandStop.tex

Package hyperref Warning: Token not allowed in a PDF string (Unicode):
(hyperref)                removing `math shift' on input line 1.


Package hyperref Warning: Token not allowed in a PDF string (Unicode):
(hyperref)                removing `math shift' on input line 1.


Package hyperref Warning: Token not allowed in a PDF string (Unicode):
(hyperref)                removing `math shift' on input line 1.


Package hyperref Warning: Token not allowed in a PDF string (Unicode):
(hyperref)                removing `math shift' on input line 1.

 <./structIir_1_1Butterworth_1_1BandStop.pdf>
<structIir_1_1Butterworth_1_1BandStop.pdf, id=2112, 501.875pt x 87.2861pt>
File: structIir_1_1Butterworth_1_1BandStop.pdf Graphic file (type pdf)
<use structIir_1_1Butterworth_1_1BandStop.pdf>
Package pdftex.def Info: structIir_1_1Butterworth_1_1BandStop.pdf  used on inpu
t line 10.
(pdftex.def)             Requested size: 398.33778pt x 69.2763pt.
 [37]
Underfull \vbox (badness 10000) has occurred while \output is active []

 [38])
(./structIir_1_1Butterworth_1_1BandStopBase.tex <./structIir_1_1Butterworth_1_1
BandStopBase.pdf>
<structIir_1_1Butterworth_1_1BandStopBase.pdf, id=2160, 501.875pt x 344.63757pt
>
File: structIir_1_1Butterworth_1_1BandStopBase.pdf Graphic file (type pdf)
<use structIir_1_1Butterworth_1_1BandStopBase.pdf>
Package pdftex.def Info: structIir_1_1Butterworth_1_1BandStopBase.pdf  used on 
input line 6.
(pdftex.def)             Requested size: 165.73413pt x 113.81102pt.
) (./structIir_1_1ChebyshevII_1_1BandStopBase.tex <./structIir_1_1ChebyshevII_1
_1BandStopBase.pdf>
<structIir_1_1ChebyshevII_1_1BandStopBase.pdf, id=2166, 501.875pt x 344.63757pt
>
File: structIir_1_1ChebyshevII_1_1BandStopBase.pdf Graphic file (type pdf)
<use structIir_1_1ChebyshevII_1_1BandStopBase.pdf>
Package pdftex.def Info: structIir_1_1ChebyshevII_1_1BandStopBase.pdf  used on 
input line 6.
(pdftex.def)             Requested size: 165.73413pt x 113.81102pt.
 [39])
(./structIir_1_1ChebyshevI_1_1BandStopBase.tex <./structIir_1_1ChebyshevI_1_1Ba
ndStopBase.pdf>
<structIir_1_1ChebyshevI_1_1BandStopBase.pdf, id=2182, 501.875pt x 344.63757pt>

File: structIir_1_1ChebyshevI_1_1BandStopBase.pdf Graphic file (type pdf)
<use structIir_1_1ChebyshevI_1_1BandStopBase.pdf>
Package pdftex.def Info: structIir_1_1ChebyshevI_1_1BandStopBase.pdf  used on i
nput line 6.
(pdftex.def)             Requested size: 165.73413pt x 113.81102pt.
) (./classIir_1_1BandStopTransform.tex)
(./classIir_1_1Biquad.tex <./classIir_1_1Biquad.pdf>
<classIir_1_1Biquad.pdf, id=2188, 501.875pt x 452.82175pt>
File: classIir_1_1Biquad.pdf Graphic file (type pdf)
<use classIir_1_1Biquad.pdf>
Package pdftex.def Info: classIir_1_1Biquad.pdf  used on input line 6.
(pdftex.def)             Requested size: 378.41937pt x 341.43306pt.
 [40] [41]
Underfull \hbox (badness 10000) detected at line 70
[][][]
 []


Overfull \vbox (4.57637pt too high) has occurred while \output is active []


[42]) (./structIir_1_1BiquadPoleState.tex <./structIir_1_1BiquadPoleState.pdf>
<structIir_1_1BiquadPoleState.pdf, id=2265, 501.875pt x 313.67188pt>
File: structIir_1_1BiquadPoleState.pdf Graphic file (type pdf)
<use structIir_1_1BiquadPoleState.pdf>
Package pdftex.def Info: structIir_1_1BiquadPoleState.pdf  used on input line 1
0.
(pdftex.def)             Requested size: 91.04579pt x 56.9055pt.

[43]) (./classIir_1_1Cascade.tex <./classIir_1_1Cascade.pdf>
<classIir_1_1Cascade.pdf, id=2282, 501.875pt x 254.10936pt>
File: classIir_1_1Cascade.pdf Graphic file (type pdf)
<use classIir_1_1Cascade.pdf>
Package pdftex.def Info: classIir_1_1Cascade.pdf  used on input line 10.
(pdftex.def)             Requested size: 398.36842pt x 201.69041pt.
 [44])
(./classIir_1_1CascadeStages.tex

Package hyperref Warning: Token not allowed in a PDF string (Unicode):
(hyperref)                removing `math shift' on input line 1.


Package hyperref Warning: Token not allowed in a PDF string (Unicode):
(hyperref)                removing `math shift' on input line 1.


Package hyperref Warning: Token not allowed in a PDF string (Unicode):
(hyperref)                removing `math shift' on input line 1.


Package hyperref Warning: Token not allowed in a PDF string (Unicode):
(hyperref)                removing `math shift' on input line 1.


Underfull \hbox (badness 10000) detected at line 40
[][][]
 []


Underfull \hbox (badness 10000) in paragraph at lines 47--49
\T1/pcr/m/n/8 const [] []$\OML/cmm/m/it/8 <$ \T1/pcr/m/n/8 Max[]Stages, State[]
Type $\OML/cmm/m/it/8 >$[]\T1/pcr/m/n/8 ::get[]Cascade[]Storage ( )
 []

[45]) (./structIir_1_1ComplexPair.tex <./structIir_1_1ComplexPair.pdf>
<structIir_1_1ComplexPair.pdf, id=2340, 501.875pt x 371.75888pt>
File: structIir_1_1ComplexPair.pdf Graphic file (type pdf)
<use structIir_1_1ComplexPair.pdf>
Package pdftex.def Info: structIir_1_1ComplexPair.pdf  used on input line 10.
(pdftex.def)             Requested size: 76.81725pt x 56.9055pt.
)
(./classIir_1_1DirectFormI.tex
Underfull \hbox (badness 10000) in paragraph at lines 16--17

 []

) (./classIir_1_1DirectFormII.tex [46])
(./structIir_1_1ChebyshevI_1_1HighPass.tex

Package hyperref Warning: Token not allowed in a PDF string (Unicode):
(hyperref)                removing `math shift' on input line 1.


Package hyperref Warning: Token not allowed in a PDF string (Unicode):
(hyperref)                removing `math shift' on input line 1.


Package hyperref Warning: Token not allowed in a PDF string (Unicode):
(hyperref)                removing `math shift' on input line 1.


Package hyperref Warning: Token not allowed in a PDF string (Unicode):
(hyperref)                removing `math shift' on input line 1.

 <./structIir_1_1ChebyshevI_1_1HighPass.pdf>
<structIir_1_1ChebyshevI_1_1HighPass.pdf, id=2358, 501.875pt x 86.03142pt>
File: structIir_1_1ChebyshevI_1_1HighPass.pdf Graphic file (type pdf)
<use structIir_1_1ChebyshevI_1_1HighPass.pdf>
Package pdftex.def Info: structIir_1_1ChebyshevI_1_1HighPass.pdf  used on input
 line 10.
(pdftex.def)             Requested size: 398.39139pt x 68.28644pt.
 [47])
(./structIir_1_1RBJ_1_1HighPass.tex
Underfull \vbox (badness 10000) has occurred while \output is active []

 [48] <./structIir_1_1RBJ_1_1HighPass.pdf>
<structIir_1_1RBJ_1_1HighPass.pdf, id=2403, 501.875pt x 506.09076pt>
File: structIir_1_1RBJ_1_1HighPass.pdf Graphic file (type pdf)
<use structIir_1_1RBJ_1_1HighPass.pdf>
Package pdftex.def Info: structIir_1_1RBJ_1_1HighPass.pdf  used on input line 1
0.
(pdftex.def)             Requested size: 84.6437pt x 85.35826pt.
) (./structIir_1_1ChebyshevII_1_1HighPass.tex

Package hyperref Warning: Token not allowed in a PDF string (Unicode):
(hyperref)                removing `math shift' on input line 1.


Package hyperref Warning: Token not allowed in a PDF string (Unicode):
(hyperref)                removing `math shift' on input line 1.


Package hyperref Warning: Token not allowed in a PDF string (Unicode):
(hyperref)                removing `math shift' on input line 1.


Package hyperref Warning: Token not allowed in a PDF string (Unicode):
(hyperref)                removing `math shift' on input line 1.


Underfull \vbox (badness 7907) has occurred while \output is active []

 [49] <./structIir_1_1ChebyshevII_1_1HighPass.pdf>
<structIir_1_1ChebyshevII_1_1HighPass.pdf, id=2423, 501.875pt x 86.03142pt>
File: structIir_1_1ChebyshevII_1_1HighPass.pdf Graphic file (type pdf)
<use structIir_1_1ChebyshevII_1_1HighPass.pdf>
Package pdftex.def Info: structIir_1_1ChebyshevII_1_1HighPass.pdf  used on inpu
t line 10.
(pdftex.def)             Requested size: 398.39139pt x 68.28644pt.
 [50])
(./structIir_1_1Butterworth_1_1HighPass.tex

Package hyperref Warning: Token not allowed in a PDF string (Unicode):
(hyperref)                removing `math shift' on input line 1.


Package hyperref Warning: Token not allowed in a PDF string (Unicode):
(hyperref)                removing `math shift' on input line 1.


Package hyperref Warning: Token not allowed in a PDF string (Unicode):
(hyperref)                removing `math shift' on input line 1.


Package hyperref Warning: Token not allowed in a PDF string (Unicode):
(hyperref)                removing `math shift' on input line 1.

 <./structIir_1_1Butterworth_1_1HighPass.pdf>
<structIir_1_1Butterworth_1_1HighPass.pdf, id=2461, 501.875pt x 86.03142pt>
File: structIir_1_1Butterworth_1_1HighPass.pdf Graphic file (type pdf)
<use structIir_1_1Butterworth_1_1HighPass.pdf>
Package pdftex.def Info: structIir_1_1Butterworth_1_1HighPass.pdf  used on inpu
t line 10.
(pdftex.def)             Requested size: 398.39139pt x 68.28644pt.
 [51]
Overfull \vbox (3.71712pt too high) has occurred while \output is active []


[52]) (./structIir_1_1ChebyshevII_1_1HighPassBase.tex <./structIir_1_1Chebyshev
II_1_1HighPassBase.pdf>
<structIir_1_1ChebyshevII_1_1HighPassBase.pdf, id=2509, 501.875pt x 344.63757pt
>
File: structIir_1_1ChebyshevII_1_1HighPassBase.pdf Graphic file (type pdf)
<use structIir_1_1ChebyshevII_1_1HighPassBase.pdf>
Package pdftex.def Info: structIir_1_1ChebyshevII_1_1HighPassBase.pdf  used on 
input line 6.
(pdftex.def)             Requested size: 165.73413pt x 113.81102pt.
) (./structIir_1_1ChebyshevI_1_1HighPassBase.tex <./structIir_1_1ChebyshevI_1_1
HighPassBase.pdf>
<structIir_1_1ChebyshevI_1_1HighPassBase.pdf, id=2515, 501.875pt x 344.63757pt>

File: structIir_1_1ChebyshevI_1_1HighPassBase.pdf Graphic file (type pdf)
<use structIir_1_1ChebyshevI_1_1HighPassBase.pdf>
Package pdftex.def Info: structIir_1_1ChebyshevI_1_1HighPassBase.pdf  used on i
nput line 6.
(pdftex.def)             Requested size: 165.73413pt x 113.81102pt.
)
(./structIir_1_1Butterworth_1_1HighPassBase.tex <./structIir_1_1Butterworth_1_1
HighPassBase.pdf>
<structIir_1_1Butterworth_1_1HighPassBase.pdf, id=2521, 501.875pt x 344.63757pt
>
File: structIir_1_1Butterworth_1_1HighPassBase.pdf Graphic file (type pdf)
<use structIir_1_1Butterworth_1_1HighPassBase.pdf>
Package pdftex.def Info: structIir_1_1Butterworth_1_1HighPassBase.pdf  used on 
input line 6.
(pdftex.def)             Requested size: 165.73413pt x 113.81102pt.
 [53]) (./classIir_1_1HighPassTransform.tex)
(./structIir_1_1Butterworth_1_1HighShelf.tex

Package hyperref Warning: Token not allowed in a PDF string (Unicode):
(hyperref)                removing `math shift' on input line 1.


Package hyperref Warning: Token not allowed in a PDF string (Unicode):
(hyperref)                removing `math shift' on input line 1.


Package hyperref Warning: Token not allowed in a PDF string (Unicode):
(hyperref)                removing `math shift' on input line 1.


Package hyperref Warning: Token not allowed in a PDF string (Unicode):
(hyperref)                removing `math shift' on input line 1.

 <./structIir_1_1Butterworth_1_1HighShelf.pdf>
<structIir_1_1Butterworth_1_1HighShelf.pdf, id=2537, 501.875pt x 86.03142pt>
File: structIir_1_1Butterworth_1_1HighShelf.pdf Graphic file (type pdf)
<use structIir_1_1Butterworth_1_1HighShelf.pdf>
Package pdftex.def Info: structIir_1_1Butterworth_1_1HighShelf.pdf  used on inp
ut line 10.
(pdftex.def)             Requested size: 398.39139pt x 68.28644pt.
 [54]
Underfull \vbox (badness 3895) has occurred while \output is active []

 [55])
(./structIir_1_1RBJ_1_1HighShelf.tex <./structIir_1_1RBJ_1_1HighShelf.pdf>
<structIir_1_1RBJ_1_1HighShelf.pdf, id=2583, 501.875pt x 497.7295pt>
File: structIir_1_1RBJ_1_1HighShelf.pdf Graphic file (type pdf)
<use structIir_1_1RBJ_1_1HighShelf.pdf>
Package pdftex.def Info: structIir_1_1RBJ_1_1HighShelf.pdf  used on input line 
10.
(pdftex.def)             Requested size: 86.0681pt x 85.35826pt.

Underfull \vbox (badness 10000) has occurred while \output is active []

 [56])
(./structIir_1_1ChebyshevI_1_1HighShelf.tex

Package hyperref Warning: Token not allowed in a PDF string (Unicode):
(hyperref)                removing `math shift' on input line 1.


Package hyperref Warning: Token not allowed in a PDF string (Unicode):
(hyperref)                removing `math shift' on input line 1.


Package hyperref Warning: Token not allowed in a PDF string (Unicode):
(hyperref)                removing `math shift' on input line 1.


Package hyperref Warning: Token not allowed in a PDF string (Unicode):
(hyperref)                removing `math shift' on input line 1.

 <./structIir_1_1ChebyshevI_1_1HighShelf.pdf>
<structIir_1_1ChebyshevI_1_1HighShelf.pdf, id=2604, 501.875pt x 86.03142pt>
File: structIir_1_1ChebyshevI_1_1HighShelf.pdf Graphic file (type pdf)
<use structIir_1_1ChebyshevI_1_1HighShelf.pdf>
Package pdftex.def Info: structIir_1_1ChebyshevI_1_1HighShelf.pdf  used on inpu
t line 10.
(pdftex.def)             Requested size: 398.39139pt x 68.28644pt.
 [57] [58])
(./structIir_1_1ChebyshevII_1_1HighShelf.tex

Package hyperref Warning: Token not allowed in a PDF string (Unicode):
(hyperref)                removing `math shift' on input line 1.


Package hyperref Warning: Token not allowed in a PDF string (Unicode):
(hyperref)                removing `math shift' on input line 1.


Package hyperref Warning: Token not allowed in a PDF string (Unicode):
(hyperref)                removing `math shift' on input line 1.


Package hyperref Warning: Token not allowed in a PDF string (Unicode):
(hyperref)                removing `math shift' on input line 1.

 <./structIir_1_1ChebyshevII_1_1HighShelf.pdf>
<structIir_1_1ChebyshevII_1_1HighShelf.pdf, id=2650, 501.875pt x 86.03142pt>
File: structIir_1_1ChebyshevII_1_1HighShelf.pdf Graphic file (type pdf)
<use structIir_1_1ChebyshevII_1_1HighShelf.pdf>
Package pdftex.def Info: structIir_1_1ChebyshevII_1_1HighShelf.pdf  used on inp
ut line 10.
(pdftex.def)             Requested size: 398.39139pt x 68.28644pt.
 [59] [60])
(./structIir_1_1ChebyshevII_1_1HighShelfBase.tex <./structIir_1_1ChebyshevII_1_
1HighShelfBase.pdf>
<structIir_1_1ChebyshevII_1_1HighShelfBase.pdf, id=2697, 501.875pt x 341.7066pt
>
File: structIir_1_1ChebyshevII_1_1HighShelfBase.pdf Graphic file (type pdf)
<use structIir_1_1ChebyshevII_1_1HighShelfBase.pdf>
Package pdftex.def Info: structIir_1_1ChebyshevII_1_1HighShelfBase.pdf  used on
 input line 6.
(pdftex.def)             Requested size: 167.15851pt x 113.81102pt.
) (./structIir_1_1Butterworth_1_1HighShelfBase.tex <./structIir_1_1Butterworth_
1_1HighShelfBase.pdf>
<structIir_1_1Butterworth_1_1HighShelfBase.pdf, id=2703, 501.875pt x 341.7066pt
>
File: structIir_1_1Butterworth_1_1HighShelfBase.pdf Graphic file (type pdf)
<use structIir_1_1Butterworth_1_1HighShelfBase.pdf>
Package pdftex.def Info: structIir_1_1Butterworth_1_1HighShelfBase.pdf  used on
 input line 6.
(pdftex.def)             Requested size: 167.15851pt x 113.81102pt.
)
(./structIir_1_1ChebyshevI_1_1HighShelfBase.tex <./structIir_1_1ChebyshevI_1_1H
ighShelfBase.pdf>
<structIir_1_1ChebyshevI_1_1HighShelfBase.pdf, id=2709, 501.875pt x 341.7066pt>

File: structIir_1_1ChebyshevI_1_1HighShelfBase.pdf Graphic file (type pdf)
<use structIir_1_1ChebyshevI_1_1HighShelfBase.pdf>
Package pdftex.def Info: structIir_1_1ChebyshevI_1_1HighShelfBase.pdf  used on 
input line 6.
(pdftex.def)             Requested size: 167.15851pt x 113.81102pt.
 [61]) (./structIir_1_1RBJ_1_1IIRNotch.tex <./structIir_1_1RBJ_1_1IIRNotch.pdf>
<structIir_1_1RBJ_1_1IIRNotch.pdf, id=2723, 501.875pt x 519.17964pt>
File: structIir_1_1RBJ_1_1IIRNotch.pdf Graphic file (type pdf)
<use structIir_1_1RBJ_1_1IIRNotch.pdf>
Package pdftex.def Info: structIir_1_1RBJ_1_1IIRNotch.pdf  used on input line 1
0.
(pdftex.def)             Requested size: 82.50713pt x 85.35826pt.
 [62]) (./classIir_1_1Layout.tex

Package hyperref Warning: Token not allowed in a PDF string (Unicode):
(hyperref)                removing `math shift' on input line 1.


Package hyperref Warning: Token not allowed in a PDF string (Unicode):
(hyperref)                removing `math shift' on input line 1.


Package hyperref Warning: Token not allowed in a PDF string (Unicode):
(hyperref)                removing `math shift' on input line 1.


Package hyperref Warning: Token not allowed in a PDF string (Unicode):
(hyperref)                removing `math shift' on input line 1.

) (./classIir_1_1LayoutBase.tex <./classIir_1_1LayoutBase.pdf>
<classIir_1_1LayoutBase.pdf, id=2745, 501.875pt x 32.64195pt>
File: classIir_1_1LayoutBase.pdf Graphic file (type pdf)
<use classIir_1_1LayoutBase.pdf>
Package pdftex.def Info: classIir_1_1LayoutBase.pdf  used on input line 10.
(pdftex.def)             Requested size: 398.3531pt x 25.90817pt.
)
(./structIir_1_1RBJ_1_1LowPass.tex <./structIir_1_1RBJ_1_1LowPass.pdf>
<structIir_1_1RBJ_1_1LowPass.pdf, id=2751, 501.875pt x 519.17964pt>
File: structIir_1_1RBJ_1_1LowPass.pdf Graphic file (type pdf)
<use structIir_1_1RBJ_1_1LowPass.pdf>
Package pdftex.def Info: structIir_1_1RBJ_1_1LowPass.pdf  used on input line 10
.
(pdftex.def)             Requested size: 82.50713pt x 85.35826pt.
 [63])
(./structIir_1_1ChebyshevII_1_1LowPass.tex

Package hyperref Warning: Token not allowed in a PDF string (Unicode):
(hyperref)                removing `math shift' on input line 1.


Package hyperref Warning: Token not allowed in a PDF string (Unicode):
(hyperref)                removing `math shift' on input line 1.


Package hyperref Warning: Token not allowed in a PDF string (Unicode):
(hyperref)                removing `math shift' on input line 1.


Package hyperref Warning: Token not allowed in a PDF string (Unicode):
(hyperref)                removing `math shift' on input line 1.

 <./structIir_1_1ChebyshevII_1_1LowPass.pdf>
<structIir_1_1ChebyshevII_1_1LowPass.pdf, id=2768, 501.875pt x 86.03142pt>
File: structIir_1_1ChebyshevII_1_1LowPass.pdf Graphic file (type pdf)
<use structIir_1_1ChebyshevII_1_1LowPass.pdf>
Package pdftex.def Info: structIir_1_1ChebyshevII_1_1LowPass.pdf  used on input
 line 10.
(pdftex.def)             Requested size: 398.39139pt x 68.28644pt.

Underfull \vbox (badness 1062) has occurred while \output is active []

 [64]
[65]) (./structIir_1_1Butterworth_1_1LowPass.tex

Package hyperref Warning: Token not allowed in a PDF string (Unicode):
(hyperref)                removing `math shift' on input line 1.


Package hyperref Warning: Token not allowed in a PDF string (Unicode):
(hyperref)                removing `math shift' on input line 1.


Package hyperref Warning: Token not allowed in a PDF string (Unicode):
(hyperref)                removing `math shift' on input line 1.


Package hyperref Warning: Token not allowed in a PDF string (Unicode):
(hyperref)                removing `math shift' on input line 1.

 <./structIir_1_1Butterworth_1_1LowPass.pdf>
<structIir_1_1Butterworth_1_1LowPass.pdf, id=2817, 501.875pt x 86.03142pt>
File: structIir_1_1Butterworth_1_1LowPass.pdf Graphic file (type pdf)
<use structIir_1_1Butterworth_1_1LowPass.pdf>
Package pdftex.def Info: structIir_1_1Butterworth_1_1LowPass.pdf  used on input
 line 10.
(pdftex.def)             Requested size: 398.39139pt x 68.28644pt.
 [66] [67])
(./structIir_1_1ChebyshevI_1_1LowPass.tex

Package hyperref Warning: Token not allowed in a PDF string (Unicode):
(hyperref)                removing `math shift' on input line 1.


Package hyperref Warning: Token not allowed in a PDF string (Unicode):
(hyperref)                removing `math shift' on input line 1.


Package hyperref Warning: Token not allowed in a PDF string (Unicode):
(hyperref)                removing `math shift' on input line 1.


Package hyperref Warning: Token not allowed in a PDF string (Unicode):
(hyperref)                removing `math shift' on input line 1.

 <./structIir_1_1ChebyshevI_1_1LowPass.pdf>
<structIir_1_1ChebyshevI_1_1LowPass.pdf, id=2866, 501.875pt x 86.03142pt>
File: structIir_1_1ChebyshevI_1_1LowPass.pdf Graphic file (type pdf)
<use structIir_1_1ChebyshevI_1_1LowPass.pdf>
Package pdftex.def Info: structIir_1_1ChebyshevI_1_1LowPass.pdf  used on input 
line 10.
(pdftex.def)             Requested size: 398.39139pt x 68.28644pt.
 [68])
(./structIir_1_1ChebyshevI_1_1LowPassBase.tex <./structIir_1_1ChebyshevI_1_1Low
PassBase.pdf>
<structIir_1_1ChebyshevI_1_1LowPassBase.pdf, id=2902, 501.875pt x 344.63757pt>
File: structIir_1_1ChebyshevI_1_1LowPassBase.pdf Graphic file (type pdf)
<use structIir_1_1ChebyshevI_1_1LowPassBase.pdf>
Package pdftex.def Info: structIir_1_1ChebyshevI_1_1LowPassBase.pdf  used on in
put line 6.
(pdftex.def)             Requested size: 165.73413pt x 113.81102pt.

Underfull \vbox (badness 1430) has occurred while \output is active []

 [69])
(./structIir_1_1Butterworth_1_1LowPassBase.tex <./structIir_1_1Butterworth_1_1L
owPassBase.pdf>
<structIir_1_1Butterworth_1_1LowPassBase.pdf, id=2919, 501.875pt x 344.63757pt>

File: structIir_1_1Butterworth_1_1LowPassBase.pdf Graphic file (type pdf)
<use structIir_1_1Butterworth_1_1LowPassBase.pdf>
Package pdftex.def Info: structIir_1_1Butterworth_1_1LowPassBase.pdf  used on i
nput line 6.
(pdftex.def)             Requested size: 165.73413pt x 113.81102pt.
) (./structIir_1_1ChebyshevII_1_1LowPassBase.tex <./structIir_1_1ChebyshevII_1_
1LowPassBase.pdf>
<structIir_1_1ChebyshevII_1_1LowPassBase.pdf, id=2925, 501.875pt x 344.63757pt>

File: structIir_1_1ChebyshevII_1_1LowPassBase.pdf Graphic file (type pdf)
<use structIir_1_1ChebyshevII_1_1LowPassBase.pdf>
Package pdftex.def Info: structIir_1_1ChebyshevII_1_1LowPassBase.pdf  used on i
nput line 6.
(pdftex.def)             Requested size: 165.73413pt x 113.81102pt.
 [70]) (./classIir_1_1LowPassTransform.tex)
(./structIir_1_1ChebyshevI_1_1LowShelf.tex

Package hyperref Warning: Token not allowed in a PDF string (Unicode):
(hyperref)                removing `math shift' on input line 1.


Package hyperref Warning: Token not allowed in a PDF string (Unicode):
(hyperref)                removing `math shift' on input line 1.


Package hyperref Warning: Token not allowed in a PDF string (Unicode):
(hyperref)                removing `math shift' on input line 1.


Package hyperref Warning: Token not allowed in a PDF string (Unicode):
(hyperref)                removing `math shift' on input line 1.

 <./structIir_1_1ChebyshevI_1_1LowShelf.pdf>
<structIir_1_1ChebyshevI_1_1LowShelf.pdf, id=2940, 501.875pt x 86.03142pt>
File: structIir_1_1ChebyshevI_1_1LowShelf.pdf Graphic file (type pdf)
<use structIir_1_1ChebyshevI_1_1LowShelf.pdf>
Package pdftex.def Info: structIir_1_1ChebyshevI_1_1LowShelf.pdf  used on input
 line 10.
(pdftex.def)             Requested size: 398.39139pt x 68.28644pt.

Underfull \vbox (badness 1348) has occurred while \output is active []

 [71]
[72]) (./structIir_1_1Butterworth_1_1LowShelf.tex

Package hyperref Warning: Token not allowed in a PDF string (Unicode):
(hyperref)                removing `math shift' on input line 1.


Package hyperref Warning: Token not allowed in a PDF string (Unicode):
(hyperref)                removing `math shift' on input line 1.


Package hyperref Warning: Token not allowed in a PDF string (Unicode):
(hyperref)                removing `math shift' on input line 1.


Package hyperref Warning: Token not allowed in a PDF string (Unicode):
(hyperref)                removing `math shift' on input line 1.

 <./structIir_1_1Butterworth_1_1LowShelf.pdf>
<structIir_1_1Butterworth_1_1LowShelf.pdf, id=2986, 501.875pt x 86.03142pt>
File: structIir_1_1Butterworth_1_1LowShelf.pdf Graphic file (type pdf)
<use structIir_1_1Butterworth_1_1LowShelf.pdf>
Package pdftex.def Info: structIir_1_1Butterworth_1_1LowShelf.pdf  used on inpu
t line 10.
(pdftex.def)             Requested size: 398.39139pt x 68.28644pt.
 [73])
(./structIir_1_1RBJ_1_1LowShelf.tex
Underfull \vbox (badness 1565) has occurred while \output is active []

 [74] <./structIir_1_1RBJ_1_1LowShelf.pdf>
<structIir_1_1RBJ_1_1LowShelf.pdf, id=3033, 501.875pt x 510.37677pt>
File: structIir_1_1RBJ_1_1LowShelf.pdf Graphic file (type pdf)
<use structIir_1_1RBJ_1_1LowShelf.pdf>
Package pdftex.def Info: structIir_1_1RBJ_1_1LowShelf.pdf  used on input line 1
0.
(pdftex.def)             Requested size: 83.93152pt x 85.35826pt.
 [75])
(./structIir_1_1ChebyshevII_1_1LowShelf.tex

Package hyperref Warning: Token not allowed in a PDF string (Unicode):
(hyperref)                removing `math shift' on input line 1.


Package hyperref Warning: Token not allowed in a PDF string (Unicode):
(hyperref)                removing `math shift' on input line 1.


Package hyperref Warning: Token not allowed in a PDF string (Unicode):
(hyperref)                removing `math shift' on input line 1.


Package hyperref Warning: Token not allowed in a PDF string (Unicode):
(hyperref)                removing `math shift' on input line 1.

 <./structIir_1_1ChebyshevII_1_1LowShelf.pdf>
<structIir_1_1ChebyshevII_1_1LowShelf.pdf, id=3053, 501.875pt x 86.03142pt>
File: structIir_1_1ChebyshevII_1_1LowShelf.pdf Graphic file (type pdf)
<use structIir_1_1ChebyshevII_1_1LowShelf.pdf>
Package pdftex.def Info: structIir_1_1ChebyshevII_1_1LowShelf.pdf  used on inpu
t line 10.
(pdftex.def)             Requested size: 398.39139pt x 68.28644pt.
 [76])
(./structIir_1_1Butterworth_1_1LowShelfBase.tex <./structIir_1_1Butterworth_1_1
LowShelfBase.pdf>
<structIir_1_1Butterworth_1_1LowShelfBase.pdf, id=3090, 501.875pt x 341.7066pt>

File: structIir_1_1Butterworth_1_1LowShelfBase.pdf Graphic file (type pdf)
<use structIir_1_1Butterworth_1_1LowShelfBase.pdf>
Package pdftex.def Info: structIir_1_1Butterworth_1_1LowShelfBase.pdf  used on 
input line 6.
(pdftex.def)             Requested size: 167.15851pt x 113.81102pt.
 [77]) (./structIir_1_1ChebyshevI_1_1LowShelfBase.tex <./structIir_1_1Chebyshev
I_1_1LowShelfBase.pdf>
<structIir_1_1ChebyshevI_1_1LowShelfBase.pdf, id=3105, 501.875pt x 341.7066pt>
File: structIir_1_1ChebyshevI_1_1LowShelfBase.pdf Graphic file (type pdf)
<use structIir_1_1ChebyshevI_1_1LowShelfBase.pdf>
Package pdftex.def Info: structIir_1_1ChebyshevI_1_1LowShelfBase.pdf  used on i
nput line 6.
(pdftex.def)             Requested size: 167.15851pt x 113.81102pt.
)
(./structIir_1_1ChebyshevII_1_1LowShelfBase.tex <./structIir_1_1ChebyshevII_1_1
LowShelfBase.pdf>
<structIir_1_1ChebyshevII_1_1LowShelfBase.pdf, id=3111, 501.875pt x 341.7066pt>

File: structIir_1_1ChebyshevII_1_1LowShelfBase.pdf Graphic file (type pdf)
<use structIir_1_1ChebyshevII_1_1LowShelfBase.pdf>
Package pdftex.def Info: structIir_1_1ChebyshevII_1_1LowShelfBase.pdf  used on 
input line 6.
(pdftex.def)             Requested size: 167.15851pt x 113.81102pt.
 [78]) (./structIir_1_1Custom_1_1OnePole.tex <./structIir_1_1Custom_1_1OnePole.
pdf>
<structIir_1_1Custom_1_1OnePole.pdf, id=3126, 501.875pt x 301.8778pt>
File: structIir_1_1Custom_1_1OnePole.pdf Graphic file (type pdf)
<use structIir_1_1Custom_1_1OnePole.pdf>
Package pdftex.def Info: structIir_1_1Custom_1_1OnePole.pdf  used on input line
 10.
(pdftex.def)             Requested size: 94.59909pt x 56.9055pt.
) (./structIir_1_1PoleFilter.tex

Package hyperref Warning: Token not allowed in a PDF string (Unicode):
(hyperref)                removing `math shift' on input line 1.


Package hyperref Warning: Token not allowed in a PDF string (Unicode):
(hyperref)                removing `math shift' on input line 1.


Package hyperref Warning: Token not allowed in a PDF string (Unicode):
(hyperref)                removing `math shift' on input line 1.


Package hyperref Warning: Token not allowed in a PDF string (Unicode):
(hyperref)                removing `math shift' on input line 1.

 <./structIir_1_1PoleFilter.pdf>
<structIir_1_1PoleFilter.pdf, id=3132, 501.875pt x 45.4197pt>
File: structIir_1_1PoleFilter.pdf Graphic file (type pdf)
<use structIir_1_1PoleFilter.pdf>
Package pdftex.def Info: structIir_1_1PoleFilter.pdf  used on input line 10.
(pdftex.def)             Requested size: 398.33778pt x 36.04872pt.
) (./classIir_1_1PoleFilterBase.tex

Package hyperref Warning: Token not allowed in a PDF string (Unicode):
(hyperref)                removing `math shift' on input line 1.


Package hyperref Warning: Token not allowed in a PDF string (Unicode):
(hyperref)                removing `math shift' on input line 1.


Package hyperref Warning: Token not allowed in a PDF string (Unicode):
(hyperref)                removing `math shift' on input line 1.


Package hyperref Warning: Token not allowed in a PDF string (Unicode):
(hyperref)                removing `math shift' on input line 1.

 <./classIir_1_1PoleFilterBase.pdf>
<classIir_1_1PoleFilterBase.pdf, id=3138, 501.875pt x 254.10936pt>
File: classIir_1_1PoleFilterBase.pdf Graphic file (type pdf)
<use classIir_1_1PoleFilterBase.pdf>
Package pdftex.def Info: classIir_1_1PoleFilterBase.pdf  used on input line 10.

(pdftex.def)             Requested size: 168.5829pt x 85.35826pt.


Package Fancyhdr Warning: \headheight is too small (12.0pt): 
Make it at least 22.16548pt.
We now make it that large for the rest of the document.
This may cause the page layout to be inconsistent, however.

[79]) (./classIir_1_1PoleFilterBase2.tex <./classIir_1_1PoleFilterBase2.pdf>
<classIir_1_1PoleFilterBase2.pdf, id=3155, 501.875pt x 254.10936pt>
File: classIir_1_1PoleFilterBase2.pdf Graphic file (type pdf)
<use classIir_1_1PoleFilterBase2.pdf>
Package pdftex.def Info: classIir_1_1PoleFilterBase2.pdf  used on input line 10
.
(pdftex.def)             Requested size: 398.36842pt x 201.69041pt.
)
(./structIir_1_1PoleZeroPair.tex <./structIir_1_1PoleZeroPair.pdf>
<structIir_1_1PoleZeroPair.pdf, id=3161, 501.875pt x 313.67188pt>
File: structIir_1_1PoleZeroPair.pdf Graphic file (type pdf)
<use structIir_1_1PoleZeroPair.pdf>
Package pdftex.def Info: structIir_1_1PoleZeroPair.pdf  used on input line 10.
(pdftex.def)             Requested size: 91.04579pt x 56.9055pt.
 [80])
(./structIir_1_1RBJ_1_1RBJbase.tex <./structIir_1_1RBJ_1_1RBJbase.pdf>
<structIir_1_1RBJ_1_1RBJbase.pdf, id=3177, 501.875pt x 933.71834pt>
File: structIir_1_1RBJ_1_1RBJbase.pdf Graphic file (type pdf)
<use structIir_1_1RBJ_1_1RBJbase.pdf>
Package pdftex.def Info: structIir_1_1RBJ_1_1RBJbase.pdf  used on input line 10
.
(pdftex.def)             Requested size: 183.52362pt x 341.43306pt.
LaTeX Font Info:    Font shape `T1/phv/m/n' will be
(Font)              scaled to size 8.09995pt on input line 18.
LaTeX Font Info:    Font shape `T1/phv/m/it' in size <9> not available
(Font)              Font shape `T1/phv/m/sl' tried instead on input line 18.
LaTeX Font Info:    Font shape `T1/phv/m/sl' will be
(Font)              scaled to size 8.09995pt on input line 18.
 [81])
(./structIir_1_1Custom_1_1SOSCascade.tex

Package hyperref Warning: Token not allowed in a PDF string (Unicode):
(hyperref)                removing `math shift' on input line 1.


Package hyperref Warning: Token not allowed in a PDF string (Unicode):
(hyperref)                removing `math shift' on input line 1.


Package hyperref Warning: Token not allowed in a PDF string (Unicode):
(hyperref)                removing `math shift' on input line 1.


Package hyperref Warning: Token not allowed in a PDF string (Unicode):
(hyperref)                removing `math shift' on input line 1.

 <./structIir_1_1Custom_1_1SOSCascade.pdf>
<structIir_1_1Custom_1_1SOSCascade.pdf, id=3196, 501.875pt x 141.37819pt>
File: structIir_1_1Custom_1_1SOSCascade.pdf Graphic file (type pdf)
<use structIir_1_1Custom_1_1SOSCascade.pdf>
Package pdftex.def Info: structIir_1_1Custom_1_1SOSCascade.pdf  used on input l
ine 10.
(pdftex.def)             Requested size: 202.01001pt x 56.9055pt.
 [82])
(./structIir_1_1Cascade_1_1Storage.tex [83])
(./classIir_1_1TransposedDirectFormII.tex)
(./structIir_1_1Custom_1_1TwoPole.tex <./structIir_1_1Custom_1_1TwoPole.pdf>
<structIir_1_1Custom_1_1TwoPole.pdf, id=3248, 501.875pt x 304.16637pt>
File: structIir_1_1Custom_1_1TwoPole.pdf Graphic file (type pdf)
<use structIir_1_1Custom_1_1TwoPole.pdf>
Package pdftex.def Info: structIir_1_1Custom_1_1TwoPole.pdf  used on input line
 10.
(pdftex.def)             Requested size: 93.89456pt x 56.9055pt.
)
[84] (./refman.ind
LaTeX Font Info:    Font shape `T1/phv/bc/n' will be
(Font)              scaled to size 12.9599pt on input line 1.

Underfull \hbox (badness 832) in paragraph at lines 77--79
[]\T1/phv/m/n/10 Iir::Butterworth::HighPass$\OML/cmm/m/it/10 <$ \T1/phv/m/n/10 
Fil-terOrder, State-Type $\OML/cmm/m/it/10 >$\T1/phv/m/n/10 ,
 []

[85


]
Underfull \hbox (badness 963) in paragraph at lines 143--145
[]\T1/phv/m/n/10 Iir::ChebyshevI::LowShelf$\OML/cmm/m/it/10 <$ \T1/phv/m/n/10 F
il-terOrder, State-Type $\OML/cmm/m/it/10 >$\T1/phv/m/n/10 ,
 []

[86]
Underfull \hbox (badness 7869) in paragraph at lines 291--293
[]| \T1/phv/m/n/10 Iir::ChebyshevI::BandShelf$\OML/cmm/m/it/10 <$ \T1/phv/m/n/1
0 Fil-terOrder, State-
 []


Underfull \hbox (badness 5475) in paragraph at lines 303--305
[]| \T1/phv/m/n/10 Iir::ChebyshevII::BandPass$\OML/cmm/m/it/10 <$ \T1/phv/m/n/1
0 Fil-terOrder, State-
 []


Underfull \hbox (badness 4429) in paragraph at lines 305--307
[]| \T1/phv/m/n/10 Iir::ChebyshevII::BandShelf$\OML/cmm/m/it/10 <$ \T1/phv/m/n/
10 Fil-terOrder, State-
 []


Underfull \hbox (badness 7064) in paragraph at lines 307--309
[]| \T1/phv/m/n/10 Iir::ChebyshevII::BandStop$\OML/cmm/m/it/10 <$ \T1/phv/m/n/1
0 Fil-terOrder, State-
 []


Underfull \hbox (badness 7869) in paragraph at lines 311--313
[]| \T1/phv/m/n/10 Iir::ChebyshevII::HighShelf$\OML/cmm/m/it/10 <$ \T1/phv/m/n/
10 Fil-terOrder, State-
 []


Underfull \hbox (badness 7869) in paragraph at lines 346--348
[]| \T1/phv/m/n/10 Iir::ChebyshevI::BandShelf$\OML/cmm/m/it/10 <$ \T1/phv/m/n/1
0 Fil-terOrder, State-
 []


Underfull \hbox (badness 5475) in paragraph at lines 358--360
[]| \T1/phv/m/n/10 Iir::ChebyshevII::BandPass$\OML/cmm/m/it/10 <$ \T1/phv/m/n/1
0 Fil-terOrder, State-
 []


Underfull \hbox (badness 4429) in paragraph at lines 360--362
[]| \T1/phv/m/n/10 Iir::ChebyshevII::BandShelf$\OML/cmm/m/it/10 <$ \T1/phv/m/n/
10 Fil-terOrder, State-
 []


Underfull \hbox (badness 7064) in paragraph at lines 362--364
[]| \T1/phv/m/n/10 Iir::ChebyshevII::BandStop$\OML/cmm/m/it/10 <$ \T1/phv/m/n/1
0 Fil-terOrder, State-
 []


Underfull \hbox (badness 7869) in paragraph at lines 366--368
[]| \T1/phv/m/n/10 Iir::ChebyshevII::HighShelf$\OML/cmm/m/it/10 <$ \T1/phv/m/n/
10 Fil-terOrder, State-
 []

[87] [88

])
Package atveryend Info: Empty hook `BeforeClearDocument' on input line 274.
Package atveryend Info: Empty hook `AfterLastShipout' on input line 274.
 (./refman.aux)
Package atveryend Info: Executing hook `AtVeryEndDocument' on input line 274.
Package atveryend Info: Executing hook `AtEndAfterFileList' on input line 274.
Package rerunfilecheck Info: File `refman.out' has not changed.
(rerunfilecheck)             Checksum: 65D6967890BBD095958B24646177D796;55127.
 ) 
Here is how much of TeX's memory you used:
 18560 strings out of 482480
 302539 string characters out of 5946191
 650192 words of memory out of 5000000
 32183 multiletter control sequences out of 15000+600000
 586988 words of font info for 98 fonts, out of 8000000 for 9000
 395 hyphenation exceptions out of 8191
 55i,16n,96p,1174b,635s stack positions out of 5000i,500n,10000p,200000b,80000s
pdfTeX warning (dest): name{State_8h_source} has been referenced but does not
 exist, replaced by a fixed one

{/usr/share/texlive/texmf-dist/fonts/enc/dvips/base/8r.enc}</usr/share/texlive/
texmf-dist/fonts/type1/public/amsfonts/cm/cmmi10.pfb></usr/share/texlive/texmf-
dist/fonts/type1/public/amsfonts/cm/cmmi12.pfb></usr/share/texlive/texmf-dist/f
onts/type1/public/amsfonts/cm/cmmi7.pfb></usr/share/texlive/texmf-dist/fonts/ty
pe1/public/amsfonts/cm/cmmi8.pfb></usr/share/texlive/texmf-dist/fonts/type1/pub
lic/amsfonts/cm/cmsy10.pfb></usr/share/texlive/texmf-dist/fonts/type1/public/am
sfonts/cm/cmsy7.pfb></usr/share/texlive/texmf-dist/fonts/type1/public/amsfonts/
cm/cmsy8.pfb></usr/share/texlive/texmf-dist/fonts/type1/urw/courier/ucrb8a.pfb>
</usr/share/texlive/texmf-dist/fonts/type1/urw/courier/ucrr8a.pfb></usr/share/t
exlive/texmf-dist/fonts/type1/urw/courier/ucrro8a.pfb></usr/share/texlive/texmf
-dist/fonts/type1/urw/helvetic/uhvb8a.pfb></usr/share/texlive/texmf-dist/fonts/
type1/urw/helvetic/uhvb8ac.pfb></usr/share/texlive/texmf-dist/fonts/type1/urw/h
elvetic/uhvr8a.pfb></usr/share/texlive/texmf-dist/fonts/type1/urw/helvetic/uhvr
o8a.pfb>
Output written on refman.pdf (93 pages, 665126 bytes).
PDF statistics:
 3822 PDF objects out of 4296 (max. 8388607)
 3446 compressed objects within 35 object streams
 953 named destinations out of 1000 (max. 500000)
 1940 words of extra memory for PDF output out of 10000 (max. 10000000)

