Performing C SOURCE FILE Test CMAKE_HAVE_LIBC_PTHREAD failed with the following output:
Change Dir: /home/pi/projects/cariboulite/build/CMakeFiles/CMakeTmp

Run Build Command(s):/usr/bin/ninja cmTC_cca8c && [1/2] Building C object CMakeFiles/cmTC_cca8c.dir/src.c.o
[2/2] Linking C executable cmTC_cca8c
FAILED: cmTC_cca8c 
: && /bin/gcc-10 -DCMAKE_HAVE_LIBC_PTHREAD  CMakeFiles/cmTC_cca8c.dir/src.c.o -o cmTC_cca8c   && :
/usr/bin/ld: CMakeFiles/cmTC_cca8c.dir/src.c.o: in function `main':
src.c:(.text+0x34): undefined reference to `pthread_create'
/usr/bin/ld: src.c:(.text+0x3c): undefined reference to `pthread_detach'
/usr/bin/ld: src.c:(.text+0x44): undefined reference to `pthread_cancel'
/usr/bin/ld: src.c:(.text+0x50): undefined reference to `pthread_join'
collect2: error: ld returned 1 exit status
ninja: build stopped: subcommand failed.


Source file was:
#include <pthread.h>

void* test_func(void* data)
{
  return data;
}

int main(void)
{
  pthread_t thread;
  pthread_create(&thread, NULL, test_func, NULL);
  pthread_detach(thread);
  pthread_cancel(thread);
  pthread_join(thread, NULL);
  pthread_atfork(NULL, NULL, NULL);
  pthread_exit(NULL);

  return 0;
}

